{"C:\\Users\\jl\\Downloads\\utn-2026\\999200921\\26\\gastroflow\\backend\\index.js": {"path":"C:\\Users\\jl\\Downloads\\utn-2026\\999200921\\26\\gastroflow\\backend\\index.js","statementMap":{"0":{"start":{"line":11,"column":12},"end":{"line":11,"column":21}},"1":{"start":{"line":13,"column":0},"end":{"line":13,"column":49}},"2":{"start":{"line":14,"column":0},"end":{"line":14,"column":23}},"3":{"start":{"line":15,"column":0},"end":{"line":15,"column":47}},"4":{"start":{"line":17,"column":0},"end":{"line":22,"column":1}},"5":{"start":{"line":18,"column":4},"end":{"line":18,"column":15}},"6":{"start":{"line":19,"column":4},"end":{"line":21,"column":6}},"7":{"start":{"line":20,"column":8},"end":{"line":20,"column":72}},"8":{"start":{"line":24,"column":0},"end":{"line":24,"column":35}},"9":{"start":{"line":25,"column":0},"end":{"line":25,"column":39}},"10":{"start":{"line":26,"column":0},"end":{"line":26,"column":33}},"11":{"start":{"line":27,"column":0},"end":{"line":27,"column":41}},"12":{"start":{"line":28,"column":0},"end":{"line":28,"column":37}}},"fnMap":{"0":{"name":"(anonymous_0)","decl":{"start":{"line":19,"column":21},"end":{"line":19,"column":22}},"loc":{"start":{"line":19,"column":27},"end":{"line":21,"column":5}},"line":19}},"branchMap":{"0":{"loc":{"start":{"line":17,"column":0},"end":{"line":22,"column":1}},"type":"if","locations":[{"start":{"line":17,"column":0},"end":{"line":22,"column":1}},{"start":{},"end":{}}],"line":17}},"s":{"0":3,"1":3,"2":3,"3":3,"4":3,"5":0,"6":0,"7":0,"8":3,"9":3,"10":3,"11":3,"12":3},"f":{"0":0},"b":{"0":[0,3]},"_coverageSchema":"1a1c01bbd47fc00a2c39e90264f33305004495a9","hash":"f0041b960acdf1a87231b7e13ef1d67a03d2e6fe"}
,"C:\\Users\\jl\\Downloads\\utn-2026\\999200921\\26\\gastroflow\\backend\\src\\config\\config.js": {"path":"C:\\Users\\jl\\Downloads\\utn-2026\\999200921\\26\\gastroflow\\backend\\src\\config\\config.js","statementMap":{"0":{"start":{"line":3,"column":0},"end":{"line":3,"column":15}},"1":{"start":{"line":5,"column":20},"end":{"line":5,"column":44}},"2":{"start":{"line":6,"column":27},"end":{"line":6,"column":48}},"3":{"start":{"line":7,"column":22},"end":{"line":7,"column":40}}},"fnMap":{},"branchMap":{"0":{"loc":{"start":{"line":5,"column":20},"end":{"line":5,"column":44}},"type":"binary-expr","locations":[{"start":{"line":5,"column":20},"end":{"line":5,"column":36}},{"start":{"line":5,"column":40},"end":{"line":5,"column":44}}],"line":5}},"s":{"0":3,"1":3,"2":3,"3":3},"f":{},"b":{"0":[3,0]},"_coverageSchema":"1a1c01bbd47fc00a2c39e90264f33305004495a9","hash":"0fb133549bd2781f5a98b0c03b53cc3caa9a086f"}
,"C:\\Users\\jl\\Downloads\\utn-2026\\999200921\\26\\gastroflow\\backend\\src\\config\\db.js": {"path":"C:\\Users\\jl\\Downloads\\utn-2026\\999200921\\26\\gastroflow\\backend\\src\\config\\db.js","statementMap":{"0":{"start":{"line":4,"column":25},"end":{"line":12,"column":1}},"1":{"start":{"line":5,"column":4},"end":{"line":11,"column":5}},"2":{"start":{"line":6,"column":8},"end":{"line":6,"column":43}},"3":{"start":{"line":7,"column":8},"end":{"line":7,"column":43}},"4":{"start":{"line":9,"column":8},"end":{"line":9,"column":62}},"5":{"start":{"line":10,"column":8},"end":{"line":10,"column":23}}},"fnMap":{"0":{"name":"(anonymous_0)","decl":{"start":{"line":4,"column":25},"end":{"line":4,"column":26}},"loc":{"start":{"line":4,"column":37},"end":{"line":12,"column":1}},"line":4}},"branchMap":{},"s":{"0":3,"1":0,"2":0,"3":0,"4":0,"5":0},"f":{"0":0},"b":{},"_coverageSchema":"1a1c01bbd47fc00a2c39e90264f33305004495a9","hash":"4bf859c1a3d3454275766f99a3b0b387b70e0779"}
,"C:\\Users\\jl\\Downloads\\utn-2026\\999200921\\26\\gastroflow\\backend\\src\\controllers\\dashboardController.js": {"path":"C:\\Users\\jl\\Downloads\\utn-2026\\999200921\\26\\gastroflow\\backend\\src\\controllers\\dashboardController.js","statementMap":{"0":{"start":{"line":4,"column":28},"end":{"line":11,"column":1}},"1":{"start":{"line":5,"column":4},"end":{"line":10,"column":5}},"2":{"start":{"line":6,"column":24},"end":{"line":6,"column":51}},"3":{"start":{"line":7,"column":8},"end":{"line":7,"column":37}},"4":{"start":{"line":9,"column":8},"end":{"line":9,"column":31}}},"fnMap":{"0":{"name":"(anonymous_0)","decl":{"start":{"line":4,"column":28},"end":{"line":4,"column":29}},"loc":{"start":{"line":4,"column":48},"end":{"line":11,"column":1}},"line":4}},"branchMap":{},"s":{"0":3,"1":1,"2":1,"3":1,"4":0},"f":{"0":1},"b":{},"_coverageSchema":"1a1c01bbd47fc00a2c39e90264f33305004495a9","hash":"5efe1c3d8e2a38c1d2151c2e9d568665d7a157d5"}
,"C:\\Users\\jl\\Downloads\\utn-2026\\999200921\\26\\gastroflow\\backend\\src\\controllers\\insumoController.js": {"path":"C:\\Users\\jl\\Downloads\\utn-2026\\999200921\\26\\gastroflow\\backend\\src\\controllers\\insumoController.js","statementMap":{"0":{"start":{"line":4,"column":28},"end":{"line":11,"column":1}},"1":{"start":{"line":5,"column":4},"end":{"line":10,"column":5}},"2":{"start":{"line":6,"column":22},"end":{"line":6,"column":57}},"3":{"start":{"line":7,"column":8},"end":{"line":7,"column":35}},"4":{"start":{"line":9,"column":8},"end":{"line":9,"column":31}},"5":{"start":{"line":13,"column":28},"end":{"line":20,"column":1}},"6":{"start":{"line":14,"column":4},"end":{"line":19,"column":5}},"7":{"start":{"line":15,"column":24},"end":{"line":15,"column":60}},"8":{"start":{"line":16,"column":8},"end":{"line":16,"column":37}},"9":{"start":{"line":18,"column":8},"end":{"line":18,"column":31}},"10":{"start":{"line":22,"column":29},"end":{"line":29,"column":1}},"11":{"start":{"line":23,"column":4},"end":{"line":28,"column":5}},"12":{"start":{"line":24,"column":23},"end":{"line":24,"column":64}},"13":{"start":{"line":25,"column":8},"end":{"line":25,"column":36}},"14":{"start":{"line":27,"column":8},"end":{"line":27,"column":31}},"15":{"start":{"line":31,"column":28},"end":{"line":38,"column":1}},"16":{"start":{"line":32,"column":4},"end":{"line":37,"column":5}},"17":{"start":{"line":33,"column":24},"end":{"line":33,"column":74}},"18":{"start":{"line":34,"column":8},"end":{"line":34,"column":37}},"19":{"start":{"line":36,"column":8},"end":{"line":36,"column":31}},"20":{"start":{"line":40,"column":28},"end":{"line":47,"column":1}},"21":{"start":{"line":41,"column":4},"end":{"line":46,"column":5}},"22":{"start":{"line":42,"column":23},"end":{"line":42,"column":63}},"23":{"start":{"line":43,"column":8},"end":{"line":43,"column":36}},"24":{"start":{"line":45,"column":8},"end":{"line":45,"column":31}}},"fnMap":{"0":{"name":"(anonymous_0)","decl":{"start":{"line":4,"column":28},"end":{"line":4,"column":29}},"loc":{"start":{"line":4,"column":48},"end":{"line":11,"column":1}},"line":4},"1":{"name":"(anonymous_1)","decl":{"start":{"line":13,"column":28},"end":{"line":13,"column":29}},"loc":{"start":{"line":13,"column":48},"end":{"line":20,"column":1}},"line":13},"2":{"name":"(anonymous_2)","decl":{"start":{"line":22,"column":29},"end":{"line":22,"column":30}},"loc":{"start":{"line":22,"column":49},"end":{"line":29,"column":1}},"line":22},"3":{"name":"(anonymous_3)","decl":{"start":{"line":31,"column":28},"end":{"line":31,"column":29}},"loc":{"start":{"line":31,"column":48},"end":{"line":38,"column":1}},"line":31},"4":{"name":"(anonymous_4)","decl":{"start":{"line":40,"column":28},"end":{"line":40,"column":29}},"loc":{"start":{"line":40,"column":48},"end":{"line":47,"column":1}},"line":40}},"branchMap":{},"s":{"0":3,"1":1,"2":1,"3":1,"4":0,"5":3,"6":1,"7":1,"8":1,"9":0,"10":3,"11":1,"12":1,"13":0,"14":1,"15":3,"16":1,"17":1,"18":1,"19":0,"20":3,"21":1,"22":1,"23":1,"24":0},"f":{"0":1,"1":1,"2":1,"3":1,"4":1},"b":{},"_coverageSchema":"1a1c01bbd47fc00a2c39e90264f33305004495a9","hash":"2ab337361bb85f1df60010b6bb566b68174456e9"}
,"C:\\Users\\jl\\Downloads\\utn-2026\\999200921\\26\\gastroflow\\backend\\src\\controllers\\productoController.js": {"path":"C:\\Users\\jl\\Downloads\\utn-2026\\999200921\\26\\gastroflow\\backend\\src\\controllers\\productoController.js","statementMap":{"0":{"start":{"line":4,"column":30},"end":{"line":11,"column":1}},"1":{"start":{"line":5,"column":4},"end":{"line":10,"column":5}},"2":{"start":{"line":6,"column":22},"end":{"line":6,"column":59}},"3":{"start":{"line":7,"column":8},"end":{"line":7,"column":35}},"4":{"start":{"line":9,"column":8},"end":{"line":9,"column":31}},"5":{"start":{"line":13,"column":30},"end":{"line":20,"column":1}},"6":{"start":{"line":14,"column":4},"end":{"line":19,"column":5}},"7":{"start":{"line":15,"column":26},"end":{"line":15,"column":64}},"8":{"start":{"line":16,"column":8},"end":{"line":16,"column":39}},"9":{"start":{"line":18,"column":8},"end":{"line":18,"column":31}},"10":{"start":{"line":22,"column":31},"end":{"line":29,"column":1}},"11":{"start":{"line":23,"column":4},"end":{"line":28,"column":5}},"12":{"start":{"line":24,"column":25},"end":{"line":24,"column":68}},"13":{"start":{"line":25,"column":8},"end":{"line":25,"column":38}},"14":{"start":{"line":27,"column":8},"end":{"line":27,"column":31}},"15":{"start":{"line":31,"column":30},"end":{"line":38,"column":1}},"16":{"start":{"line":32,"column":4},"end":{"line":37,"column":5}},"17":{"start":{"line":33,"column":24},"end":{"line":33,"column":76}},"18":{"start":{"line":34,"column":8},"end":{"line":34,"column":37}},"19":{"start":{"line":36,"column":8},"end":{"line":36,"column":31}},"20":{"start":{"line":40,"column":30},"end":{"line":47,"column":1}},"21":{"start":{"line":41,"column":4},"end":{"line":46,"column":5}},"22":{"start":{"line":42,"column":23},"end":{"line":42,"column":65}},"23":{"start":{"line":43,"column":8},"end":{"line":43,"column":36}},"24":{"start":{"line":45,"column":8},"end":{"line":45,"column":31}}},"fnMap":{"0":{"name":"(anonymous_0)","decl":{"start":{"line":4,"column":30},"end":{"line":4,"column":31}},"loc":{"start":{"line":4,"column":50},"end":{"line":11,"column":1}},"line":4},"1":{"name":"(anonymous_1)","decl":{"start":{"line":13,"column":30},"end":{"line":13,"column":31}},"loc":{"start":{"line":13,"column":50},"end":{"line":20,"column":1}},"line":13},"2":{"name":"(anonymous_2)","decl":{"start":{"line":22,"column":31},"end":{"line":22,"column":32}},"loc":{"start":{"line":22,"column":51},"end":{"line":29,"column":1}},"line":22},"3":{"name":"(anonymous_3)","decl":{"start":{"line":31,"column":30},"end":{"line":31,"column":31}},"loc":{"start":{"line":31,"column":50},"end":{"line":38,"column":1}},"line":31},"4":{"name":"(anonymous_4)","decl":{"start":{"line":40,"column":30},"end":{"line":40,"column":31}},"loc":{"start":{"line":40,"column":50},"end":{"line":47,"column":1}},"line":40}},"branchMap":{},"s":{"0":3,"1":1,"2":1,"3":1,"4":0,"5":3,"6":0,"7":0,"8":0,"9":0,"10":3,"11":2,"12":2,"13":1,"14":1,"15":3,"16":0,"17":0,"18":0,"19":0,"20":3,"21":1,"22":1,"23":1,"24":0},"f":{"0":1,"1":0,"2":2,"3":0,"4":1},"b":{},"_coverageSchema":"1a1c01bbd47fc00a2c39e90264f33305004495a9","hash":"6d2ab6dcd70d1c60f58d911ce6d828db4bd3d9cb"}
,"C:\\Users\\jl\\Downloads\\utn-2026\\999200921\\26\\gastroflow\\backend\\src\\controllers\\usuarioController.js": {"path":"C:\\Users\\jl\\Downloads\\utn-2026\\999200921\\26\\gastroflow\\backend\\src\\controllers\\usuarioController.js","statementMap":{"0":{"start":{"line":14,"column":24},"end":{"line":22,"column":1}},"1":{"start":{"line":15,"column":4},"end":{"line":21,"column":5}},"2":{"start":{"line":16,"column":25},"end":{"line":16,"column":59}},"3":{"start":{"line":17,"column":24},"end":{"line":17,"column":60}},"4":{"start":{"line":18,"column":8},"end":{"line":18,"column":86}},"5":{"start":{"line":20,"column":8},"end":{"line":20,"column":31}},"6":{"start":{"line":25,"column":29},"end":{"line":32,"column":1}},"7":{"start":{"line":26,"column":4},"end":{"line":31,"column":5}},"8":{"start":{"line":27,"column":24},"end":{"line":27,"column":60}},"9":{"start":{"line":28,"column":8},"end":{"line":28,"column":78}},"10":{"start":{"line":30,"column":8},"end":{"line":30,"column":31}},"11":{"start":{"line":35,"column":21},"end":{"line":50,"column":1}},"12":{"start":{"line":36,"column":4},"end":{"line":49,"column":5}},"13":{"start":{"line":37,"column":24},"end":{"line":37,"column":59}},"14":{"start":{"line":39,"column":22},"end":{"line":44,"column":10}},"15":{"start":{"line":46,"column":8},"end":{"line":46,"column":84}},"16":{"start":{"line":48,"column":8},"end":{"line":48,"column":31}},"17":{"start":{"line":53,"column":29},"end":{"line":60,"column":1}},"18":{"start":{"line":54,"column":4},"end":{"line":59,"column":5}},"19":{"start":{"line":55,"column":25},"end":{"line":55,"column":53}},"20":{"start":{"line":56,"column":8},"end":{"line":56,"column":38}},"21":{"start":{"line":58,"column":8},"end":{"line":58,"column":31}},"22":{"start":{"line":63,"column":30},"end":{"line":70,"column":1}},"23":{"start":{"line":64,"column":4},"end":{"line":69,"column":5}},"24":{"start":{"line":65,"column":24},"end":{"line":65,"column":66}},"25":{"start":{"line":66,"column":8},"end":{"line":66,"column":37}},"26":{"start":{"line":68,"column":8},"end":{"line":68,"column":31}},"27":{"start":{"line":73,"column":29},"end":{"line":87,"column":1}},"28":{"start":{"line":74,"column":4},"end":{"line":86,"column":5}},"29":{"start":{"line":75,"column":23},"end":{"line":75,"column":33}},"30":{"start":{"line":78,"column":8},"end":{"line":80,"column":9}},"31":{"start":{"line":79,"column":12},"end":{"line":79,"column":105}},"32":{"start":{"line":82,"column":24},"end":{"line":82,"column":64}},"33":{"start":{"line":83,"column":8},"end":{"line":83,"column":37}},"34":{"start":{"line":85,"column":8},"end":{"line":85,"column":31}},"35":{"start":{"line":90,"column":29},"end":{"line":97,"column":1}},"36":{"start":{"line":91,"column":4},"end":{"line":96,"column":5}},"37":{"start":{"line":92,"column":23},"end":{"line":92,"column":64}},"38":{"start":{"line":93,"column":8},"end":{"line":93,"column":36}},"39":{"start":{"line":95,"column":8},"end":{"line":95,"column":31}}},"fnMap":{"0":{"name":"(anonymous_0)","decl":{"start":{"line":14,"column":24},"end":{"line":14,"column":25}},"loc":{"start":{"line":14,"column":44},"end":{"line":22,"column":1}},"line":14},"1":{"name":"(anonymous_1)","decl":{"start":{"line":25,"column":29},"end":{"line":25,"column":30}},"loc":{"start":{"line":25,"column":49},"end":{"line":32,"column":1}},"line":25},"2":{"name":"(anonymous_2)","decl":{"start":{"line":35,"column":21},"end":{"line":35,"column":22}},"loc":{"start":{"line":35,"column":41},"end":{"line":50,"column":1}},"line":35},"3":{"name":"(anonymous_3)","decl":{"start":{"line":53,"column":29},"end":{"line":53,"column":30}},"loc":{"start":{"line":53,"column":49},"end":{"line":60,"column":1}},"line":53},"4":{"name":"(anonymous_4)","decl":{"start":{"line":63,"column":30},"end":{"line":63,"column":31}},"loc":{"start":{"line":63,"column":50},"end":{"line":70,"column":1}},"line":63},"5":{"name":"(anonymous_5)","decl":{"start":{"line":73,"column":29},"end":{"line":73,"column":30}},"loc":{"start":{"line":73,"column":49},"end":{"line":87,"column":1}},"line":73},"6":{"name":"(anonymous_6)","decl":{"start":{"line":90,"column":29},"end":{"line":90,"column":30}},"loc":{"start":{"line":90,"column":49},"end":{"line":97,"column":1}},"line":90}},"branchMap":{"0":{"loc":{"start":{"line":78,"column":8},"end":{"line":80,"column":9}},"type":"if","locations":[{"start":{"line":78,"column":8},"end":{"line":80,"column":9}},{"start":{},"end":{}}],"line":78},"1":{"loc":{"start":{"line":78,"column":12},"end":{"line":78,"column":83}},"type":"binary-expr","locations":[{"start":{"line":78,"column":12},"end":{"line":78,"column":50}},{"start":{"line":78,"column":54},"end":{"line":78,"column":83}}],"line":78}},"s":{"0":3,"1":6,"2":6,"3":6,"4":6,"5":0,"6":3,"7":1,"8":1,"9":1,"10":0,"11":3,"12":12,"13":12,"14":12,"15":12,"16":0,"17":3,"18":1,"19":1,"20":1,"21":0,"22":3,"23":1,"24":1,"25":0,"26":1,"27":3,"28":1,"29":1,"30":1,"31":0,"32":1,"33":1,"34":0,"35":3,"36":1,"37":1,"38":1,"39":0},"f":{"0":6,"1":1,"2":12,"3":1,"4":1,"5":1,"6":1},"b":{"0":[0,1],"1":[1,0]},"_coverageSchema":"1a1c01bbd47fc00a2c39e90264f33305004495a9","hash":"e8b6525d9d879b69297abe02ab67e86afc4d1ad4"}
,"C:\\Users\\jl\\Downloads\\utn-2026\\999200921\\26\\gastroflow\\backend\\src\\controllers\\ventaController.js": {"path":"C:\\Users\\jl\\Downloads\\utn-2026\\999200921\\26\\gastroflow\\backend\\src\\controllers\\ventaController.js","statementMap":{"0":{"start":{"line":9,"column":27},"end":{"line":22,"column":1}},"1":{"start":{"line":10,"column":4},"end":{"line":21,"column":5}},"2":{"start":{"line":11,"column":26},"end":{"line":11,"column":34}},"3":{"start":{"line":12,"column":23},"end":{"line":12,"column":38}},"4":{"start":{"line":14,"column":22},"end":{"line":14,"column":61}},"5":{"start":{"line":15,"column":8},"end":{"line":18,"column":10}},"6":{"start":{"line":20,"column":8},"end":{"line":20,"column":31}},"7":{"start":{"line":25,"column":30},"end":{"line":36,"column":1}},"8":{"start":{"line":26,"column":4},"end":{"line":35,"column":5}},"9":{"start":{"line":27,"column":23},"end":{"line":27,"column":33}},"10":{"start":{"line":28,"column":22},"end":{"line":28,"column":53}},"11":{"start":{"line":29,"column":8},"end":{"line":32,"column":10}},"12":{"start":{"line":34,"column":8},"end":{"line":34,"column":31}},"13":{"start":{"line":39,"column":30},"end":{"line":50,"column":1}},"14":{"start":{"line":40,"column":4},"end":{"line":49,"column":5}},"15":{"start":{"line":41,"column":23},"end":{"line":41,"column":33}},"16":{"start":{"line":42,"column":22},"end":{"line":42,"column":53}},"17":{"start":{"line":43,"column":8},"end":{"line":46,"column":10}},"18":{"start":{"line":48,"column":8},"end":{"line":48,"column":31}},"19":{"start":{"line":52,"column":27},"end":{"line":59,"column":1}},"20":{"start":{"line":53,"column":4},"end":{"line":58,"column":5}},"21":{"start":{"line":54,"column":23},"end":{"line":54,"column":58}},"22":{"start":{"line":55,"column":8},"end":{"line":55,"column":36}},"23":{"start":{"line":57,"column":8},"end":{"line":57,"column":31}}},"fnMap":{"0":{"name":"(anonymous_0)","decl":{"start":{"line":9,"column":27},"end":{"line":9,"column":28}},"loc":{"start":{"line":9,"column":47},"end":{"line":22,"column":1}},"line":9},"1":{"name":"(anonymous_1)","decl":{"start":{"line":25,"column":30},"end":{"line":25,"column":31}},"loc":{"start":{"line":25,"column":50},"end":{"line":36,"column":1}},"line":25},"2":{"name":"(anonymous_2)","decl":{"start":{"line":39,"column":30},"end":{"line":39,"column":31}},"loc":{"start":{"line":39,"column":50},"end":{"line":50,"column":1}},"line":39},"3":{"name":"(anonymous_3)","decl":{"start":{"line":52,"column":27},"end":{"line":52,"column":28}},"loc":{"start":{"line":52,"column":47},"end":{"line":59,"column":1}},"line":52}},"branchMap":{},"s":{"0":3,"1":2,"2":2,"3":2,"4":2,"5":1,"6":1,"7":3,"8":2,"9":2,"10":2,"11":1,"12":1,"13":3,"14":1,"15":1,"16":1,"17":1,"18":0,"19":3,"20":0,"21":0,"22":0,"23":0},"f":{"0":2,"1":2,"2":1,"3":0},"b":{},"_coverageSchema":"1a1c01bbd47fc00a2c39e90264f33305004495a9","hash":"e6e5ab61c029617e4cf4bd3a5cdbf4cec46ddfd6"}
,"C:\\Users\\jl\\Downloads\\utn-2026\\999200921\\26\\gastroflow\\backend\\src\\helpers\\checkExist.js": {"path":"C:\\Users\\jl\\Downloads\\utn-2026\\999200921\\26\\gastroflow\\backend\\src\\helpers\\checkExist.js","statementMap":{"0":{"start":{"line":8,"column":31},"end":{"line":26,"column":1}},"1":{"start":{"line":9,"column":21},"end":{"line":9,"column":47}},"2":{"start":{"line":12,"column":4},"end":{"line":16,"column":5}},"3":{"start":{"line":13,"column":22},"end":{"line":13,"column":45}},"4":{"start":{"line":14,"column":8},"end":{"line":14,"column":37}},"5":{"start":{"line":15,"column":8},"end":{"line":15,"column":19}},"6":{"start":{"line":19,"column":4},"end":{"line":23,"column":5}},"7":{"start":{"line":20,"column":22},"end":{"line":20,"column":45}},"8":{"start":{"line":21,"column":8},"end":{"line":21,"column":37}},"9":{"start":{"line":22,"column":8},"end":{"line":22,"column":19}},"10":{"start":{"line":25,"column":4},"end":{"line":25,"column":19}}},"fnMap":{"0":{"name":"(anonymous_0)","decl":{"start":{"line":8,"column":31},"end":{"line":8,"column":32}},"loc":{"start":{"line":8,"column":94},"end":{"line":26,"column":1}},"line":8}},"branchMap":{"0":{"loc":{"start":{"line":12,"column":4},"end":{"line":16,"column":5}},"type":"if","locations":[{"start":{"line":12,"column":4},"end":{"line":16,"column":5}},{"start":{},"end":{}}],"line":12},"1":{"loc":{"start":{"line":12,"column":8},"end":{"line":12,"column":32}},"type":"binary-expr","locations":[{"start":{"line":12,"column":8},"end":{"line":12,"column":19}},{"start":{"line":12,"column":23},"end":{"line":12,"column":32}}],"line":12},"2":{"loc":{"start":{"line":19,"column":4},"end":{"line":23,"column":5}},"type":"if","locations":[{"start":{"line":19,"column":4},"end":{"line":23,"column":5}},{"start":{},"end":{}}],"line":19},"3":{"loc":{"start":{"line":19,"column":8},"end":{"line":19,"column":32}},"type":"binary-expr","locations":[{"start":{"line":19,"column":8},"end":{"line":19,"column":20}},{"start":{"line":19,"column":24},"end":{"line":19,"column":32}}],"line":19}},"s":{"0":5,"1":32,"2":32,"3":1,"4":1,"5":1,"6":31,"7":0,"8":0,"9":0,"10":31},"f":{"0":32},"b":{"0":[1,31],"1":[32,20],"2":[0,31],"3":[31,12]},"_coverageSchema":"1a1c01bbd47fc00a2c39e90264f33305004495a9","hash":"8cab8a337654833fd4bbe019365eb759f4305181"}
,"C:\\Users\\jl\\Downloads\\utn-2026\\999200921\\26\\gastroflow\\backend\\src\\middlewares\\verifyRoleMiddleware.js": {"path":"C:\\Users\\jl\\Downloads\\utn-2026\\999200921\\26\\gastroflow\\backend\\src\\middlewares\\verifyRoleMiddleware.js","statementMap":{"0":{"start":{"line":5,"column":36},"end":{"line":17,"column":1}},"1":{"start":{"line":6,"column":4},"end":{"line":16,"column":5}},"2":{"start":{"line":7,"column":25},"end":{"line":7,"column":33}},"3":{"start":{"line":9,"column":8},"end":{"line":13,"column":9}},"4":{"start":{"line":10,"column":12},"end":{"line":12,"column":14}},"5":{"start":{"line":15,"column":8},"end":{"line":15,"column":14}}},"fnMap":{"0":{"name":"(anonymous_0)","decl":{"start":{"line":5,"column":36},"end":{"line":5,"column":37}},"loc":{"start":{"line":5,"column":59},"end":{"line":17,"column":1}},"line":5},"1":{"name":"(anonymous_1)","decl":{"start":{"line":6,"column":11},"end":{"line":6,"column":12}},"loc":{"start":{"line":6,"column":31},"end":{"line":16,"column":5}},"line":6}},"branchMap":{"0":{"loc":{"start":{"line":5,"column":37},"end":{"line":5,"column":54}},"type":"default-arg","locations":[{"start":{"line":5,"column":52},"end":{"line":5,"column":54}}],"line":5},"1":{"loc":{"start":{"line":9,"column":8},"end":{"line":13,"column":9}},"type":"if","locations":[{"start":{"line":9,"column":8},"end":{"line":13,"column":9}},{"start":{},"end":{}}],"line":9},"2":{"loc":{"start":{"line":9,"column":12},"end":{"line":9,"column":67}},"type":"binary-expr","locations":[{"start":{"line":9,"column":12},"end":{"line":9,"column":35}},{"start":{"line":9,"column":39},"end":{"line":9,"column":67}}],"line":9}},"s":{"0":3,"1":54,"2":18,"3":18,"4":2,"5":16},"f":{"0":54,"1":18},"b":{"0":[0],"1":[2,16],"2":[18,18]},"_coverageSchema":"1a1c01bbd47fc00a2c39e90264f33305004495a9","hash":"558776d88b0badea017edaf97e78fee4b5b7ea43"}
,"C:\\Users\\jl\\Downloads\\utn-2026\\999200921\\26\\gastroflow\\backend\\src\\middlewares\\verifyTokenMiddleware.js": {"path":"C:\\Users\\jl\\Downloads\\utn-2026\\999200921\\26\\gastroflow\\backend\\src\\middlewares\\verifyTokenMiddleware.js","statementMap":{"0":{"start":{"line":6,"column":37},"end":{"line":24,"column":1}},"1":{"start":{"line":7,"column":4},"end":{"line":23,"column":5}},"2":{"start":{"line":8,"column":27},"end":{"line":8,"column":52}},"3":{"start":{"line":10,"column":8},"end":{"line":12,"column":9}},"4":{"start":{"line":11,"column":12},"end":{"line":11,"column":81}},"5":{"start":{"line":14,"column":22},"end":{"line":14,"column":46}},"6":{"start":{"line":15,"column":24},"end":{"line":15,"column":42}},"7":{"start":{"line":18,"column":8},"end":{"line":18,"column":26}},"8":{"start":{"line":20,"column":8},"end":{"line":20,"column":14}},"9":{"start":{"line":22,"column":8},"end":{"line":22,"column":99}},"10":{"start":{"line":27,"column":29},"end":{"line":29,"column":1}},"11":{"start":{"line":28,"column":4},"end":{"line":28,"column":57}}},"fnMap":{"0":{"name":"(anonymous_0)","decl":{"start":{"line":6,"column":37},"end":{"line":6,"column":38}},"loc":{"start":{"line":6,"column":57},"end":{"line":24,"column":1}},"line":6},"1":{"name":"(anonymous_1)","decl":{"start":{"line":27,"column":29},"end":{"line":27,"column":30}},"loc":{"start":{"line":27,"column":42},"end":{"line":29,"column":1}},"line":27}},"branchMap":{"0":{"loc":{"start":{"line":10,"column":8},"end":{"line":12,"column":9}},"type":"if","locations":[{"start":{"line":10,"column":8},"end":{"line":12,"column":9}},{"start":{},"end":{}}],"line":10},"1":{"loc":{"start":{"line":10,"column":12},"end":{"line":10,"column":60}},"type":"binary-expr","locations":[{"start":{"line":10,"column":12},"end":{"line":10,"column":23}},{"start":{"line":10,"column":27},"end":{"line":10,"column":60}}],"line":10}},"s":{"0":3,"1":22,"2":22,"3":22,"4":0,"5":22,"6":22,"7":22,"8":22,"9":0,"10":3,"11":12},"f":{"0":22,"1":12},"b":{"0":[0,22],"1":[22,22]},"_coverageSchema":"1a1c01bbd47fc00a2c39e90264f33305004495a9","hash":"9aa6ae1eb40efdd5f4bd20938e8eda863f4f4b2c"}
,"C:\\Users\\jl\\Downloads\\utn-2026\\999200921\\26\\gastroflow\\backend\\src\\models\\insumoModel.js": {"path":"C:\\Users\\jl\\Downloads\\utn-2026\\999200921\\26\\gastroflow\\backend\\src\\models\\insumoModel.js","statementMap":{"0":{"start":{"line":3,"column":26},"end":{"line":3,"column":60}},"1":{"start":{"line":5,"column":21},"end":{"line":45,"column":24}},"2":{"start":{"line":35,"column":16},"end":{"line":35,"column":49}},"3":{"start":{"line":37,"column":30},"end":{"line":37,"column":106}},"4":{"start":{"line":48,"column":0},"end":{"line":51,"column":2}},"5":{"start":{"line":49,"column":22},"end":{"line":49,"column":62}},"6":{"start":{"line":50,"column":4},"end":{"line":50,"column":42}},"7":{"start":{"line":53,"column":0},"end":{"line":53,"column":61}}},"fnMap":{"0":{"name":"(anonymous_0)","decl":{"start":{"line":34,"column":23},"end":{"line":34,"column":24}},"loc":{"start":{"line":34,"column":40},"end":{"line":36,"column":13}},"line":34},"1":{"name":"(anonymous_1)","decl":{"start":{"line":37,"column":21},"end":{"line":37,"column":22}},"loc":{"start":{"line":37,"column":30},"end":{"line":37,"column":106}},"line":37},"2":{"name":"(anonymous_2)","decl":{"start":{"line":48,"column":38},"end":{"line":48,"column":39}},"loc":{"start":{"line":48,"column":50},"end":{"line":51,"column":1}},"line":48}},"branchMap":{},"s":{"0":5,"1":5,"2":13,"3":0,"4":5,"5":8,"6":8,"7":5},"f":{"0":13,"1":0,"2":8},"b":{},"_coverageSchema":"1a1c01bbd47fc00a2c39e90264f33305004495a9","hash":"27287019eadf68f2a00a84c9fa4c025632f29937"}
,"C:\\Users\\jl\\Downloads\\utn-2026\\999200921\\26\\gastroflow\\backend\\src\\models\\productoModel.js": {"path":"C:\\Users\\jl\\Downloads\\utn-2026\\999200921\\26\\gastroflow\\backend\\src\\models\\productoModel.js","statementMap":{"0":{"start":{"line":3,"column":24},"end":{"line":3,"column":48}},"1":{"start":{"line":8,"column":25},"end":{"line":19,"column":18}},"2":{"start":{"line":21,"column":23},"end":{"line":56,"column":24}},"3":{"start":{"line":38,"column":16},"end":{"line":38,"column":47}},"4":{"start":{"line":40,"column":30},"end":{"line":40,"column":101}},"5":{"start":{"line":58,"column":0},"end":{"line":58,"column":63}}},"fnMap":{"0":{"name":"(anonymous_0)","decl":{"start":{"line":37,"column":23},"end":{"line":37,"column":24}},"loc":{"start":{"line":37,"column":40},"end":{"line":39,"column":13}},"line":37},"1":{"name":"(anonymous_1)","decl":{"start":{"line":40,"column":21},"end":{"line":40,"column":22}},"loc":{"start":{"line":40,"column":30},"end":{"line":40,"column":101}},"line":40}},"branchMap":{},"s":{"0":5,"1":5,"2":5,"3":9,"4":0,"5":5},"f":{"0":9,"1":0},"b":{},"_coverageSchema":"1a1c01bbd47fc00a2c39e90264f33305004495a9","hash":"337bb13c0123712843fc721094c5f314caff722f"}
,"C:\\Users\\jl\\Downloads\\utn-2026\\999200921\\26\\gastroflow\\backend\\src\\models\\usuarioModel.js": {"path":"C:\\Users\\jl\\Downloads\\utn-2026\\999200921\\26\\gastroflow\\backend\\src\\models\\usuarioModel.js","statementMap":{"0":{"start":{"line":9,"column":24},"end":{"line":9,"column":49}},"1":{"start":{"line":11,"column":22},"end":{"line":68,"column":24}},"2":{"start":{"line":42,"column":16},"end":{"line":44,"column":17}},"3":{"start":{"line":43,"column":20},"end":{"line":43,"column":48}},"4":{"start":{"line":45,"column":16},"end":{"line":45,"column":27}},"5":{"start":{"line":54,"column":16},"end":{"line":54,"column":47}},"6":{"start":{"line":56,"column":30},"end":{"line":56,"column":102}},"7":{"start":{"line":71,"column":0},"end":{"line":74,"column":2}},"8":{"start":{"line":72,"column":4},"end":{"line":72,"column":44}},"9":{"start":{"line":72,"column":38},"end":{"line":72,"column":44}},"10":{"start":{"line":73,"column":4},"end":{"line":73,"column":54}},"11":{"start":{"line":76,"column":0},"end":{"line":76,"column":62}}},"fnMap":{"0":{"name":"(anonymous_0)","decl":{"start":{"line":40,"column":23},"end":{"line":40,"column":24}},"loc":{"start":{"line":40,"column":40},"end":{"line":46,"column":13}},"line":40},"1":{"name":"(anonymous_1)","decl":{"start":{"line":53,"column":23},"end":{"line":53,"column":24}},"loc":{"start":{"line":53,"column":40},"end":{"line":55,"column":13}},"line":53},"2":{"name":"(anonymous_2)","decl":{"start":{"line":56,"column":21},"end":{"line":56,"column":22}},"loc":{"start":{"line":56,"column":30},"end":{"line":56,"column":102}},"line":56},"3":{"name":"(anonymous_3)","decl":{"start":{"line":71,"column":26},"end":{"line":71,"column":27}},"loc":{"start":{"line":71,"column":44},"end":{"line":74,"column":1}},"line":71}},"branchMap":{"0":{"loc":{"start":{"line":42,"column":16},"end":{"line":44,"column":17}},"type":"if","locations":[{"start":{"line":42,"column":16},"end":{"line":44,"column":17}},{"start":{},"end":{}}],"line":42},"1":{"loc":{"start":{"line":72,"column":4},"end":{"line":72,"column":44}},"type":"if","locations":[{"start":{"line":72,"column":4},"end":{"line":72,"column":44}},{"start":{},"end":{}}],"line":72}},"s":{"0":5,"1":5,"2":19,"3":19,"4":0,"5":19,"6":0,"7":5,"8":19,"9":0,"10":19,"11":5},"f":{"0":19,"1":19,"2":0,"3":19},"b":{"0":[19,0],"1":[0,19]},"_coverageSchema":"1a1c01bbd47fc00a2c39e90264f33305004495a9","hash":"4fdadc9261ddbd493a2790ba97eddaf30acef339"}
,"C:\\Users\\jl\\Downloads\\utn-2026\\999200921\\26\\gastroflow\\backend\\src\\models\\ventaModel.js": {"path":"C:\\Users\\jl\\Downloads\\utn-2026\\999200921\\26\\gastroflow\\backend\\src\\models\\ventaModel.js","statementMap":{"0":{"start":{"line":3,"column":26},"end":{"line":3,"column":74}},"1":{"start":{"line":6,"column":24},"end":{"line":17,"column":18}},"2":{"start":{"line":19,"column":20},"end":{"line":45,"column":24}},"3":{"start":{"line":22,"column":26},"end":{"line":22,"column":40}},"4":{"start":{"line":33,"column":16},"end":{"line":33,"column":49}},"5":{"start":{"line":35,"column":30},"end":{"line":35,"column":105}},"6":{"start":{"line":47,"column":0},"end":{"line":47,"column":60}}},"fnMap":{"0":{"name":"(anonymous_0)","decl":{"start":{"line":22,"column":19},"end":{"line":22,"column":20}},"loc":{"start":{"line":22,"column":26},"end":{"line":22,"column":40}},"line":22},"1":{"name":"(anonymous_1)","decl":{"start":{"line":32,"column":23},"end":{"line":32,"column":24}},"loc":{"start":{"line":32,"column":40},"end":{"line":34,"column":13}},"line":32},"2":{"name":"(anonymous_2)","decl":{"start":{"line":35,"column":21},"end":{"line":35,"column":22}},"loc":{"start":{"line":35,"column":30},"end":{"line":35,"column":105}},"line":35}},"branchMap":{},"s":{"0":4,"1":4,"2":4,"3":9,"4":9,"5":0,"6":4},"f":{"0":9,"1":9,"2":0},"b":{},"_coverageSchema":"1a1c01bbd47fc00a2c39e90264f33305004495a9","hash":"7f1d9dcdface60b42bebfe31a54480e5e6350075"}
,"C:\\Users\\jl\\Downloads\\utn-2026\\999200921\\26\\gastroflow\\backend\\src\\routes\\dashboardRoute.js": {"path":"C:\\Users\\jl\\Downloads\\utn-2026\\999200921\\26\\gastroflow\\backend\\src\\routes\\dashboardRoute.js","statementMap":{"0":{"start":{"line":7,"column":23},"end":{"line":7,"column":39}},"1":{"start":{"line":10,"column":0},"end":{"line":10,"column":110}}},"fnMap":{},"branchMap":{},"s":{"0":3,"1":3},"f":{},"b":{},"_coverageSchema":"1a1c01bbd47fc00a2c39e90264f33305004495a9","hash":"ae56b4143c0b1d4c605531bb4ff126dcdd869b6a"}
,"C:\\Users\\jl\\Downloads\\utn-2026\\999200921\\26\\gastroflow\\backend\\src\\routes\\insumoRoute.js": {"path":"C:\\Users\\jl\\Downloads\\utn-2026\\999200921\\26\\gastroflow\\backend\\src\\routes\\insumoRoute.js","statementMap":{"0":{"start":{"line":7,"column":20},"end":{"line":7,"column":36}},"1":{"start":{"line":10,"column":0},"end":{"line":10,"column":107}},"2":{"start":{"line":11,"column":0},"end":{"line":11,"column":111}},"3":{"start":{"line":14,"column":0},"end":{"line":14,"column":95}},"4":{"start":{"line":15,"column":0},"end":{"line":15,"column":100}},"5":{"start":{"line":18,"column":0},"end":{"line":18,"column":112}},"6":{"start":{"line":19,"column":0},"end":{"line":19,"column":110}}},"fnMap":{},"branchMap":{},"s":{"0":3,"1":3,"2":3,"3":3,"4":3,"5":3,"6":3},"f":{},"b":{},"_coverageSchema":"1a1c01bbd47fc00a2c39e90264f33305004495a9","hash":"992c26f00cb37d919c7fce9b04a711dbfd3bd1b5"}
,"C:\\Users\\jl\\Downloads\\utn-2026\\999200921\\26\\gastroflow\\backend\\src\\routes\\productoRoute.js": {"path":"C:\\Users\\jl\\Downloads\\utn-2026\\999200921\\26\\gastroflow\\backend\\src\\routes\\productoRoute.js","statementMap":{"0":{"start":{"line":7,"column":22},"end":{"line":7,"column":38}},"1":{"start":{"line":10,"column":0},"end":{"line":10,"column":61}},"2":{"start":{"line":11,"column":0},"end":{"line":11,"column":65}},"3":{"start":{"line":14,"column":0},"end":{"line":14,"column":99}},"4":{"start":{"line":15,"column":0},"end":{"line":15,"column":103}},"5":{"start":{"line":16,"column":0},"end":{"line":16,"column":101}},"6":{"start":{"line":17,"column":0},"end":{"line":17,"column":104}}},"fnMap":{},"branchMap":{},"s":{"0":3,"1":3,"2":3,"3":3,"4":3,"5":3,"6":3},"f":{},"b":{},"_coverageSchema":"1a1c01bbd47fc00a2c39e90264f33305004495a9","hash":"9a1235041bfa5164b0bbde81296166a89dac9b13"}
,"C:\\Users\\jl\\Downloads\\utn-2026\\999200921\\26\\gastroflow\\backend\\src\\routes\\usuarioRoute.js": {"path":"C:\\Users\\jl\\Downloads\\utn-2026\\999200921\\26\\gastroflow\\backend\\src\\routes\\usuarioRoute.js","statementMap":{"0":{"start":{"line":15,"column":21},"end":{"line":15,"column":37}},"1":{"start":{"line":18,"column":0},"end":{"line":18,"column":40}},"2":{"start":{"line":19,"column":0},"end":{"line":19,"column":34}},"3":{"start":{"line":23,"column":0},"end":{"line":28,"column":1}},"4":{"start":{"line":31,"column":0},"end":{"line":36,"column":1}},"5":{"start":{"line":39,"column":0},"end":{"line":39,"column":63}},"6":{"start":{"line":42,"column":0},"end":{"line":42,"column":64}},"7":{"start":{"line":43,"column":0},"end":{"line":43,"column":62}},"8":{"start":{"line":46,"column":0},"end":{"line":51,"column":1}}},"fnMap":{},"branchMap":{},"s":{"0":3,"1":3,"2":3,"3":3,"4":3,"5":3,"6":3,"7":3,"8":3},"f":{},"b":{},"_coverageSchema":"1a1c01bbd47fc00a2c39e90264f33305004495a9","hash":"46b13eac306e75403ca536670ae8ef64a79f8c3a"}
,"C:\\Users\\jl\\Downloads\\utn-2026\\999200921\\26\\gastroflow\\backend\\src\\routes\\ventaRoute.js": {"path":"C:\\Users\\jl\\Downloads\\utn-2026\\999200921\\26\\gastroflow\\backend\\src\\routes\\ventaRoute.js","statementMap":{"0":{"start":{"line":12,"column":19},"end":{"line":12,"column":35}},"1":{"start":{"line":15,"column":0},"end":{"line":19,"column":1}},"2":{"start":{"line":22,"column":0},"end":{"line":26,"column":1}},"3":{"start":{"line":29,"column":0},"end":{"line":33,"column":1}},"4":{"start":{"line":36,"column":0},"end":{"line":40,"column":1}}},"fnMap":{},"branchMap":{},"s":{"0":3,"1":3,"2":3,"3":3,"4":3},"f":{},"b":{},"_coverageSchema":"1a1c01bbd47fc00a2c39e90264f33305004495a9","hash":"c0c5d989d800a231dee9fc9bcd06c89a5541865f"}
,"C:\\Users\\jl\\Downloads\\utn-2026\\999200921\\26\\gastroflow\\backend\\src\\services\\dashboardService.js": {"path":"C:\\Users\\jl\\Downloads\\utn-2026\\999200921\\26\\gastroflow\\backend\\src\\services\\dashboardService.js","statementMap":{"0":{"start":{"line":4,"column":35},"end":{"line":68,"column":1}},"1":{"start":{"line":6,"column":25},"end":{"line":16,"column":6}},"2":{"start":{"line":19,"column":16},"end":{"line":19,"column":26}},"3":{"start":{"line":20,"column":4},"end":{"line":20,"column":28}},"4":{"start":{"line":22,"column":22},"end":{"line":22,"column":68}},"5":{"start":{"line":24,"column":22},"end":{"line":24,"column":23}},"6":{"start":{"line":25,"column":27},"end":{"line":25,"column":28}},"7":{"start":{"line":26,"column":4},"end":{"line":29,"column":6}},"8":{"start":{"line":27,"column":8},"end":{"line":27,"column":39}},"9":{"start":{"line":28,"column":8},"end":{"line":28,"column":60}},"10":{"start":{"line":28,"column":29},"end":{"line":28,"column":59}},"11":{"start":{"line":33,"column":20},"end":{"line":33,"column":105}},"12":{"start":{"line":35,"column":24},"end":{"line":43,"column":11}},"13":{"start":{"line":35,"column":44},"end":{"line":35,"column":98}},"14":{"start":{"line":36,"column":19},"end":{"line":43,"column":9}},"15":{"start":{"line":45,"column":21},"end":{"line":50,"column":5}},"16":{"start":{"line":52,"column":4},"end":{"line":67,"column":5}}},"fnMap":{"0":{"name":"(anonymous_0)","decl":{"start":{"line":4,"column":35},"end":{"line":4,"column":36}},"loc":{"start":{"line":4,"column":47},"end":{"line":68,"column":1}},"line":4},"1":{"name":"(anonymous_1)","decl":{"start":{"line":26,"column":22},"end":{"line":26,"column":23}},"loc":{"start":{"line":26,"column":27},"end":{"line":29,"column":5}},"line":26},"2":{"name":"(anonymous_2)","decl":{"start":{"line":28,"column":24},"end":{"line":28,"column":25}},"loc":{"start":{"line":28,"column":29},"end":{"line":28,"column":59}},"line":28},"3":{"name":"(anonymous_3)","decl":{"start":{"line":35,"column":39},"end":{"line":35,"column":40}},"loc":{"start":{"line":35,"column":44},"end":{"line":35,"column":98}},"line":35},"4":{"name":"(anonymous_4)","decl":{"start":{"line":36,"column":13},"end":{"line":36,"column":14}},"loc":{"start":{"line":36,"column":19},"end":{"line":43,"column":9}},"line":36}},"branchMap":{"0":{"loc":{"start":{"line":42,"column":20},"end":{"line":42,"column":89}},"type":"cond-expr","locations":[{"start":{"line":42,"column":64},"end":{"line":42,"column":73}},{"start":{"line":42,"column":76},"end":{"line":42,"column":89}}],"line":42},"1":{"loc":{"start":{"line":45,"column":21},"end":{"line":50,"column":5}},"type":"binary-expr","locations":[{"start":{"line":45,"column":21},"end":{"line":45,"column":31}},{"start":{"line":45,"column":35},"end":{"line":50,"column":5}}],"line":45}},"s":{"0":3,"1":1,"2":1,"3":1,"4":1,"5":1,"6":1,"7":1,"8":0,"9":0,"10":0,"11":1,"12":1,"13":0,"14":0,"15":1,"16":1},"f":{"0":1,"1":0,"2":0,"3":0,"4":0},"b":{"0":[0,0],"1":[1,1]},"_coverageSchema":"1a1c01bbd47fc00a2c39e90264f33305004495a9","hash":"cd43da00e44319cebbc6a35739fe3e12fbcc116a"}
,"C:\\Users\\jl\\Downloads\\utn-2026\\999200921\\26\\gastroflow\\backend\\src\\services\\insumoService.js": {"path":"C:\\Users\\jl\\Downloads\\utn-2026\\999200921\\26\\gastroflow\\backend\\src\\services\\insumoService.js","statementMap":{"0":{"start":{"line":4,"column":35},"end":{"line":10,"column":1}},"1":{"start":{"line":5,"column":23},"end":{"line":5,"column":27}},"2":{"start":{"line":6,"column":4},"end":{"line":6,"column":92}},"3":{"start":{"line":8,"column":19},"end":{"line":8,"column":35}},"4":{"start":{"line":9,"column":4},"end":{"line":9,"column":30}},"5":{"start":{"line":12,"column":35},"end":{"line":26,"column":1}},"6":{"start":{"line":13,"column":18},"end":{"line":13,"column":20}},"7":{"start":{"line":16,"column":4},"end":{"line":18,"column":5}},"8":{"start":{"line":17,"column":8},"end":{"line":17,"column":68}},"9":{"start":{"line":21,"column":4},"end":{"line":23,"column":5}},"10":{"start":{"line":22,"column":8},"end":{"line":22,"column":64}},"11":{"start":{"line":25,"column":4},"end":{"line":25,"column":57}},"12":{"start":{"line":28,"column":36},"end":{"line":30,"column":1}},"13":{"start":{"line":29,"column":4},"end":{"line":29,"column":88}},"14":{"start":{"line":32,"column":35},"end":{"line":40,"column":1}},"15":{"start":{"line":33,"column":4},"end":{"line":33,"column":81}},"16":{"start":{"line":35,"column":4},"end":{"line":39,"column":5}},"17":{"start":{"line":42,"column":35},"end":{"line":47,"column":1}},"18":{"start":{"line":43,"column":4},"end":{"line":43,"column":81}},"19":{"start":{"line":45,"column":20},"end":{"line":45,"column":54}},"20":{"start":{"line":46,"column":4},"end":{"line":46,"column":71}}},"fnMap":{"0":{"name":"(anonymous_0)","decl":{"start":{"line":4,"column":35},"end":{"line":4,"column":36}},"loc":{"start":{"line":4,"column":51},"end":{"line":10,"column":1}},"line":4},"1":{"name":"(anonymous_1)","decl":{"start":{"line":12,"column":35},"end":{"line":12,"column":36}},"loc":{"start":{"line":12,"column":52},"end":{"line":26,"column":1}},"line":12},"2":{"name":"(anonymous_2)","decl":{"start":{"line":28,"column":36},"end":{"line":28,"column":37}},"loc":{"start":{"line":28,"column":50},"end":{"line":30,"column":1}},"line":28},"3":{"name":"(anonymous_3)","decl":{"start":{"line":32,"column":35},"end":{"line":32,"column":36}},"loc":{"start":{"line":32,"column":55},"end":{"line":40,"column":1}},"line":32},"4":{"name":"(anonymous_4)","decl":{"start":{"line":42,"column":35},"end":{"line":42,"column":36}},"loc":{"start":{"line":42,"column":49},"end":{"line":47,"column":1}},"line":42}},"branchMap":{"0":{"loc":{"start":{"line":16,"column":4},"end":{"line":18,"column":5}},"type":"if","locations":[{"start":{"line":16,"column":4},"end":{"line":18,"column":5}},{"start":{},"end":{}}],"line":16},"1":{"loc":{"start":{"line":21,"column":4},"end":{"line":23,"column":5}},"type":"if","locations":[{"start":{"line":21,"column":4},"end":{"line":23,"column":5}},{"start":{},"end":{}}],"line":21}},"s":{"0":3,"1":1,"2":1,"3":1,"4":1,"5":3,"6":1,"7":1,"8":0,"9":1,"10":0,"11":1,"12":3,"13":1,"14":3,"15":1,"16":1,"17":3,"18":1,"19":1,"20":1},"f":{"0":1,"1":1,"2":1,"3":1,"4":1},"b":{"0":[0,1],"1":[0,1]},"_coverageSchema":"1a1c01bbd47fc00a2c39e90264f33305004495a9","hash":"a4b0e2cf700954777e67869a8456a3f778ab5c44"}
,"C:\\Users\\jl\\Downloads\\utn-2026\\999200921\\26\\gastroflow\\backend\\src\\services\\productoService.js": {"path":"C:\\Users\\jl\\Downloads\\utn-2026\\999200921\\26\\gastroflow\\backend\\src\\services\\productoService.js","statementMap":{"0":{"start":{"line":8,"column":21},"end":{"line":36,"column":1}},"1":{"start":{"line":9,"column":16},"end":{"line":9,"column":17}},"2":{"start":{"line":10,"column":21},"end":{"line":10,"column":25}},"3":{"start":{"line":12,"column":4},"end":{"line":29,"column":5}},"4":{"start":{"line":13,"column":23},"end":{"line":13,"column":46}},"5":{"start":{"line":15,"column":8},"end":{"line":17,"column":9}},"6":{"start":{"line":16,"column":12},"end":{"line":16,"column":30}},"7":{"start":{"line":18,"column":8},"end":{"line":18,"column":50}},"8":{"start":{"line":20,"column":8},"end":{"line":28,"column":9}},"9":{"start":{"line":21,"column":27},"end":{"line":21,"column":38}},"10":{"start":{"line":23,"column":30},"end":{"line":23,"column":89}},"11":{"start":{"line":24,"column":12},"end":{"line":26,"column":13}},"12":{"start":{"line":25,"column":16},"end":{"line":25,"column":34}},"13":{"start":{"line":27,"column":12},"end":{"line":27,"column":71}},"14":{"start":{"line":31,"column":4},"end":{"line":35,"column":5}},"15":{"start":{"line":38,"column":37},"end":{"line":53,"column":1}},"16":{"start":{"line":39,"column":18},"end":{"line":39,"column":34}},"17":{"start":{"line":41,"column":4},"end":{"line":43,"column":5}},"18":{"start":{"line":42,"column":8},"end":{"line":42,"column":64}},"19":{"start":{"line":44,"column":4},"end":{"line":46,"column":5}},"20":{"start":{"line":45,"column":8},"end":{"line":45,"column":33}},"21":{"start":{"line":48,"column":22},"end":{"line":50,"column":109}},"22":{"start":{"line":52,"column":4},"end":{"line":52,"column":70}},"23":{"start":{"line":52,"column":31},"end":{"line":52,"column":68}},"24":{"start":{"line":55,"column":38},"end":{"line":67,"column":1}},"25":{"start":{"line":56,"column":21},"end":{"line":58,"column":109}},"26":{"start":{"line":60,"column":4},"end":{"line":64,"column":5}},"27":{"start":{"line":61,"column":22},"end":{"line":61,"column":57}},"28":{"start":{"line":62,"column":8},"end":{"line":62,"column":30}},"29":{"start":{"line":63,"column":8},"end":{"line":63,"column":19}},"30":{"start":{"line":66,"column":4},"end":{"line":66,"column":62}},"31":{"start":{"line":69,"column":37},"end":{"line":75,"column":1}},"32":{"start":{"line":70,"column":23},"end":{"line":70,"column":27}},"33":{"start":{"line":71,"column":4},"end":{"line":71,"column":96}},"34":{"start":{"line":73,"column":21},"end":{"line":73,"column":39}},"35":{"start":{"line":74,"column":4},"end":{"line":74,"column":32}},"36":{"start":{"line":77,"column":37},"end":{"line":85,"column":1}},"37":{"start":{"line":78,"column":4},"end":{"line":78,"column":85}},"38":{"start":{"line":80,"column":4},"end":{"line":84,"column":5}},"39":{"start":{"line":87,"column":37},"end":{"line":96,"column":1}},"40":{"start":{"line":88,"column":4},"end":{"line":88,"column":85}},"41":{"start":{"line":90,"column":20},"end":{"line":94,"column":5}},"42":{"start":{"line":95,"column":4},"end":{"line":95,"column":75}}},"fnMap":{"0":{"name":"(anonymous_0)","decl":{"start":{"line":8,"column":21},"end":{"line":8,"column":22}},"loc":{"start":{"line":8,"column":35},"end":{"line":36,"column":1}},"line":8},"1":{"name":"(anonymous_1)","decl":{"start":{"line":38,"column":37},"end":{"line":38,"column":38}},"loc":{"start":{"line":38,"column":54},"end":{"line":53,"column":1}},"line":38},"2":{"name":"(anonymous_2)","decl":{"start":{"line":52,"column":25},"end":{"line":52,"column":26}},"loc":{"start":{"line":52,"column":31},"end":{"line":52,"column":68}},"line":52},"3":{"name":"(anonymous_3)","decl":{"start":{"line":55,"column":38},"end":{"line":55,"column":39}},"loc":{"start":{"line":55,"column":52},"end":{"line":67,"column":1}},"line":55},"4":{"name":"(anonymous_4)","decl":{"start":{"line":69,"column":37},"end":{"line":69,"column":38}},"loc":{"start":{"line":69,"column":53},"end":{"line":75,"column":1}},"line":69},"5":{"name":"(anonymous_5)","decl":{"start":{"line":77,"column":37},"end":{"line":77,"column":38}},"loc":{"start":{"line":77,"column":57},"end":{"line":85,"column":1}},"line":77},"6":{"name":"(anonymous_6)","decl":{"start":{"line":87,"column":37},"end":{"line":87,"column":38}},"loc":{"start":{"line":87,"column":51},"end":{"line":96,"column":1}},"line":87}},"branchMap":{"0":{"loc":{"start":{"line":12,"column":4},"end":{"line":29,"column":5}},"type":"if","locations":[{"start":{"line":12,"column":4},"end":{"line":29,"column":5}},{"start":{"line":19,"column":11},"end":{"line":29,"column":5}}],"line":12},"1":{"loc":{"start":{"line":15,"column":8},"end":{"line":17,"column":9}},"type":"if","locations":[{"start":{"line":15,"column":8},"end":{"line":17,"column":9}},{"start":{},"end":{}}],"line":15},"2":{"loc":{"start":{"line":15,"column":12},"end":{"line":15,"column":92}},"type":"binary-expr","locations":[{"start":{"line":15,"column":12},"end":{"line":15,"column":19}},{"start":{"line":15,"column":23},"end":{"line":15,"column":92}}],"line":15},"3":{"loc":{"start":{"line":18,"column":16},"end":{"line":18,"column":50}},"type":"cond-expr","locations":[{"start":{"line":18,"column":25},"end":{"line":18,"column":46}},{"start":{"line":18,"column":49},"end":{"line":18,"column":50}}],"line":18},"4":{"loc":{"start":{"line":23,"column":30},"end":{"line":23,"column":89}},"type":"cond-expr","locations":[{"start":{"line":23,"column":40},"end":{"line":23,"column":84}},{"start":{"line":23,"column":88},"end":{"line":23,"column":89}}],"line":23},"5":{"loc":{"start":{"line":24,"column":12},"end":{"line":26,"column":13}},"type":"if","locations":[{"start":{"line":24,"column":12},"end":{"line":26,"column":13}},{"start":{},"end":{}}],"line":24},"6":{"loc":{"start":{"line":24,"column":16},"end":{"line":24,"column":76}},"type":"binary-expr","locations":[{"start":{"line":24,"column":16},"end":{"line":24,"column":23}},{"start":{"line":24,"column":27},"end":{"line":24,"column":76}}],"line":24},"7":{"loc":{"start":{"line":27,"column":21},"end":{"line":27,"column":71}},"type":"cond-expr","locations":[{"start":{"line":27,"column":30},"end":{"line":27,"column":67}},{"start":{"line":27,"column":70},"end":{"line":27,"column":71}}],"line":27},"8":{"loc":{"start":{"line":41,"column":4},"end":{"line":43,"column":5}},"type":"if","locations":[{"start":{"line":41,"column":4},"end":{"line":43,"column":5}},{"start":{},"end":{}}],"line":41},"9":{"loc":{"start":{"line":44,"column":4},"end":{"line":46,"column":5}},"type":"if","locations":[{"start":{"line":44,"column":4},"end":{"line":46,"column":5}},{"start":{},"end":{}}],"line":44},"10":{"loc":{"start":{"line":60,"column":4},"end":{"line":64,"column":5}},"type":"if","locations":[{"start":{"line":60,"column":4},"end":{"line":64,"column":5}},{"start":{},"end":{}}],"line":60}},"s":{"0":4,"1":4,"2":4,"3":4,"4":0,"5":0,"6":0,"7":0,"8":4,"9":4,"10":4,"11":4,"12":1,"13":4,"14":4,"15":4,"16":0,"17":0,"18":0,"19":0,"20":0,"21":0,"22":0,"23":0,"24":4,"25":5,"26":5,"27":1,"28":1,"29":1,"30":4,"31":4,"32":1,"33":1,"34":1,"35":1,"36":4,"37":0,"38":0,"39":4,"40":1,"41":1,"42":1},"f":{"0":4,"1":0,"2":0,"3":5,"4":1,"5":0,"6":1},"b":{"0":[0,4],"1":[0,0],"2":[0,0],"3":[0,0],"4":[4,0],"5":[1,3],"6":[4,4],"7":[4,0],"8":[0,0],"9":[0,0],"10":[1,4]},"_coverageSchema":"1a1c01bbd47fc00a2c39e90264f33305004495a9","hash":"4aa3df379f75d1b29f46ab73e67ae7708a3c6e13"}
,"C:\\Users\\jl\\Downloads\\utn-2026\\999200921\\26\\gastroflow\\backend\\src\\services\\usuarioService.js": {"path":"C:\\Users\\jl\\Downloads\\utn-2026\\999200921\\26\\gastroflow\\backend\\src\\services\\usuarioService.js","statementMap":{"0":{"start":{"line":5,"column":36},"end":{"line":11,"column":1}},"1":{"start":{"line":6,"column":22},"end":{"line":6,"column":26}},"2":{"start":{"line":7,"column":4},"end":{"line":7,"column":99}},"3":{"start":{"line":9,"column":20},"end":{"line":9,"column":37}},"4":{"start":{"line":10,"column":4},"end":{"line":10,"column":31}},"5":{"start":{"line":13,"column":35},"end":{"line":26,"column":1}},"6":{"start":{"line":15,"column":20},"end":{"line":15,"column":112}},"7":{"start":{"line":18,"column":27},"end":{"line":18,"column":73}},"8":{"start":{"line":19,"column":4},"end":{"line":23,"column":5}},"9":{"start":{"line":20,"column":22},"end":{"line":20,"column":57}},"10":{"start":{"line":21,"column":8},"end":{"line":21,"column":30}},"11":{"start":{"line":22,"column":8},"end":{"line":22,"column":19}},"12":{"start":{"line":25,"column":4},"end":{"line":25,"column":18}},"13":{"start":{"line":28,"column":36},"end":{"line":30,"column":1}},"14":{"start":{"line":29,"column":4},"end":{"line":29,"column":89}},"15":{"start":{"line":32,"column":37},"end":{"line":40,"column":1}},"16":{"start":{"line":33,"column":20},"end":{"line":33,"column":88}},"17":{"start":{"line":34,"column":4},"end":{"line":38,"column":5}},"18":{"start":{"line":35,"column":22},"end":{"line":35,"column":56}},"19":{"start":{"line":36,"column":8},"end":{"line":36,"column":30}},"20":{"start":{"line":37,"column":8},"end":{"line":37,"column":19}},"21":{"start":{"line":39,"column":4},"end":{"line":39,"column":18}},"22":{"start":{"line":42,"column":36},"end":{"line":53,"column":1}},"23":{"start":{"line":43,"column":4},"end":{"line":43,"column":83}},"24":{"start":{"line":46,"column":4},"end":{"line":46,"column":24}},"25":{"start":{"line":48,"column":4},"end":{"line":52,"column":25}},"26":{"start":{"line":55,"column":36},"end":{"line":61,"column":1}},"27":{"start":{"line":56,"column":4},"end":{"line":56,"column":83}},"28":{"start":{"line":59,"column":4},"end":{"line":59,"column":58}},"29":{"start":{"line":60,"column":4},"end":{"line":60,"column":59}}},"fnMap":{"0":{"name":"(anonymous_0)","decl":{"start":{"line":5,"column":36},"end":{"line":5,"column":37}},"loc":{"start":{"line":5,"column":52},"end":{"line":11,"column":1}},"line":5},"1":{"name":"(anonymous_1)","decl":{"start":{"line":13,"column":35},"end":{"line":13,"column":36}},"loc":{"start":{"line":13,"column":66},"end":{"line":26,"column":1}},"line":13},"2":{"name":"(anonymous_2)","decl":{"start":{"line":28,"column":36},"end":{"line":28,"column":37}},"loc":{"start":{"line":28,"column":48},"end":{"line":30,"column":1}},"line":28},"3":{"name":"(anonymous_3)","decl":{"start":{"line":32,"column":37},"end":{"line":32,"column":38}},"loc":{"start":{"line":32,"column":51},"end":{"line":40,"column":1}},"line":32},"4":{"name":"(anonymous_4)","decl":{"start":{"line":42,"column":36},"end":{"line":42,"column":37}},"loc":{"start":{"line":42,"column":56},"end":{"line":53,"column":1}},"line":42},"5":{"name":"(anonymous_5)","decl":{"start":{"line":55,"column":36},"end":{"line":55,"column":37}},"loc":{"start":{"line":55,"column":50},"end":{"line":61,"column":1}},"line":55}},"branchMap":{"0":{"loc":{"start":{"line":19,"column":4},"end":{"line":23,"column":5}},"type":"if","locations":[{"start":{"line":19,"column":4},"end":{"line":23,"column":5}},{"start":{},"end":{}}],"line":19},"1":{"loc":{"start":{"line":34,"column":4},"end":{"line":38,"column":5}},"type":"if","locations":[{"start":{"line":34,"column":4},"end":{"line":38,"column":5}},{"start":{},"end":{}}],"line":34}},"s":{"0":4,"1":10,"2":10,"3":10,"4":10,"5":4,"6":14,"7":14,"8":14,"9":1,"10":1,"11":1,"12":13,"13":4,"14":1,"15":4,"16":1,"17":1,"18":1,"19":1,"20":1,"21":0,"22":4,"23":1,"24":1,"25":1,"26":4,"27":1,"28":1,"29":1},"f":{"0":10,"1":14,"2":1,"3":1,"4":1,"5":1},"b":{"0":[1,13],"1":[1,0]},"_coverageSchema":"1a1c01bbd47fc00a2c39e90264f33305004495a9","hash":"d1f436a36c8ab3b7fdd343e8fc256daa3d285f63"}
,"C:\\Users\\jl\\Downloads\\utn-2026\\999200921\\26\\gastroflow\\backend\\src\\services\\ventaService.js": {"path":"C:\\Users\\jl\\Downloads\\utn-2026\\999200921\\26\\gastroflow\\backend\\src\\services\\ventaService.js","statementMap":{"0":{"start":{"line":7,"column":34},"end":{"line":106,"column":1}},"1":{"start":{"line":8,"column":4},"end":{"line":12,"column":5}},"2":{"start":{"line":9,"column":22},"end":{"line":9,"column":60}},"3":{"start":{"line":10,"column":8},"end":{"line":10,"column":30}},"4":{"start":{"line":11,"column":8},"end":{"line":11,"column":19}},"5":{"start":{"line":15,"column":20},"end":{"line":15,"column":90}},"6":{"start":{"line":16,"column":4},"end":{"line":16,"column":43}},"7":{"start":{"line":16,"column":17},"end":{"line":16,"column":43}},"8":{"start":{"line":18,"column":4},"end":{"line":105,"column":5}},"9":{"start":{"line":19,"column":29},"end":{"line":19,"column":30}},"10":{"start":{"line":20,"column":26},"end":{"line":20,"column":27}},"11":{"start":{"line":21,"column":27},"end":{"line":21,"column":29}},"12":{"start":{"line":22,"column":28},"end":{"line":22,"column":30}},"13":{"start":{"line":24,"column":8},"end":{"line":62,"column":9}},"14":{"start":{"line":25,"column":29},"end":{"line":28,"column":33}},"15":{"start":{"line":30,"column":12},"end":{"line":32,"column":13}},"16":{"start":{"line":31,"column":16},"end":{"line":31,"column":89}},"17":{"start":{"line":34,"column":33},"end":{"line":34,"column":34}},"18":{"start":{"line":36,"column":12},"end":{"line":49,"column":13}},"19":{"start":{"line":37,"column":31},"end":{"line":37,"column":54}},"20":{"start":{"line":38,"column":28},"end":{"line":38,"column":49}},"21":{"start":{"line":39,"column":16},"end":{"line":39,"column":80}},"22":{"start":{"line":40,"column":16},"end":{"line":40,"column":54}},"23":{"start":{"line":42,"column":16},"end":{"line":48,"column":17}},"24":{"start":{"line":43,"column":35},"end":{"line":43,"column":52}},"25":{"start":{"line":44,"column":32},"end":{"line":44,"column":53}},"26":{"start":{"line":45,"column":38},"end":{"line":45,"column":73}},"27":{"start":{"line":46,"column":20},"end":{"line":46,"column":74}},"28":{"start":{"line":47,"column":20},"end":{"line":47,"column":81}},"29":{"start":{"line":51,"column":12},"end":{"line":51,"column":67}},"30":{"start":{"line":52,"column":12},"end":{"line":52,"column":57}},"31":{"start":{"line":54,"column":12},"end":{"line":61,"column":14}},"32":{"start":{"line":64,"column":8},"end":{"line":73,"column":9}},"33":{"start":{"line":65,"column":27},"end":{"line":65,"column":76}},"34":{"start":{"line":66,"column":41},"end":{"line":66,"column":85}},"35":{"start":{"line":68,"column":12},"end":{"line":72,"column":13}},"36":{"start":{"line":69,"column":16},"end":{"line":71,"column":17}},"37":{"start":{"line":75,"column":8},"end":{"line":81,"column":9}},"38":{"start":{"line":76,"column":12},"end":{"line":80,"column":13}},"39":{"start":{"line":83,"column":22},"end":{"line":90,"column":10}},"40":{"start":{"line":91,"column":8},"end":{"line":91,"column":37}},"41":{"start":{"line":93,"column":8},"end":{"line":96,"column":9}},"42":{"start":{"line":94,"column":12},"end":{"line":94,"column":45}},"43":{"start":{"line":95,"column":12},"end":{"line":95,"column":32}},"44":{"start":{"line":97,"column":8},"end":{"line":97,"column":20}},"45":{"start":{"line":100,"column":8},"end":{"line":103,"column":9}},"46":{"start":{"line":101,"column":12},"end":{"line":101,"column":44}},"47":{"start":{"line":102,"column":12},"end":{"line":102,"column":32}},"48":{"start":{"line":104,"column":8},"end":{"line":104,"column":19}},"49":{"start":{"line":109,"column":37},"end":{"line":156,"column":1}},"50":{"start":{"line":110,"column":20},"end":{"line":110,"column":90}},"51":{"start":{"line":111,"column":4},"end":{"line":111,"column":43}},"52":{"start":{"line":111,"column":17},"end":{"line":111,"column":43}},"53":{"start":{"line":113,"column":4},"end":{"line":155,"column":5}},"54":{"start":{"line":114,"column":22},"end":{"line":114,"column":95}},"55":{"start":{"line":115,"column":8},"end":{"line":119,"column":9}},"56":{"start":{"line":116,"column":26},"end":{"line":116,"column":60}},"57":{"start":{"line":117,"column":12},"end":{"line":117,"column":34}},"58":{"start":{"line":118,"column":12},"end":{"line":118,"column":23}},"59":{"start":{"line":120,"column":8},"end":{"line":120,"column":122}},"60":{"start":{"line":120,"column":42},"end":{"line":120,"column":122}},"61":{"start":{"line":122,"column":8},"end":{"line":138,"column":9}},"62":{"start":{"line":123,"column":29},"end":{"line":123,"column":137}},"63":{"start":{"line":125,"column":12},"end":{"line":137,"column":13}},"64":{"start":{"line":126,"column":33},"end":{"line":126,"column":60}},"65":{"start":{"line":127,"column":16},"end":{"line":129,"column":31}},"66":{"start":{"line":131,"column":16},"end":{"line":136,"column":17}},"67":{"start":{"line":132,"column":38},"end":{"line":132,"column":73}},"68":{"start":{"line":133,"column":20},"end":{"line":135,"column":35}},"69":{"start":{"line":140,"column":8},"end":{"line":140,"column":30}},"70":{"start":{"line":141,"column":8},"end":{"line":141,"column":38}},"71":{"start":{"line":142,"column":8},"end":{"line":142,"column":37}},"72":{"start":{"line":144,"column":8},"end":{"line":147,"column":9}},"73":{"start":{"line":145,"column":12},"end":{"line":145,"column":45}},"74":{"start":{"line":146,"column":12},"end":{"line":146,"column":32}},"75":{"start":{"line":148,"column":8},"end":{"line":148,"column":20}},"76":{"start":{"line":150,"column":8},"end":{"line":153,"column":9}},"77":{"start":{"line":151,"column":12},"end":{"line":151,"column":44}},"78":{"start":{"line":152,"column":12},"end":{"line":152,"column":32}},"79":{"start":{"line":154,"column":8},"end":{"line":154,"column":19}},"80":{"start":{"line":159,"column":37},"end":{"line":171,"column":1}},"81":{"start":{"line":160,"column":18},"end":{"line":160,"column":47}},"82":{"start":{"line":161,"column":4},"end":{"line":165,"column":5}},"83":{"start":{"line":162,"column":22},"end":{"line":162,"column":56}},"84":{"start":{"line":163,"column":8},"end":{"line":163,"column":30}},"85":{"start":{"line":164,"column":8},"end":{"line":164,"column":19}},"86":{"start":{"line":166,"column":4},"end":{"line":166,"column":101}},"87":{"start":{"line":166,"column":34},"end":{"line":166,"column":101}},"88":{"start":{"line":168,"column":4},"end":{"line":168,"column":30}},"89":{"start":{"line":169,"column":4},"end":{"line":169,"column":34}},"90":{"start":{"line":170,"column":4},"end":{"line":170,"column":29}},"91":{"start":{"line":173,"column":34},"end":{"line":181,"column":1}},"92":{"start":{"line":174,"column":18},"end":{"line":174,"column":20}},"93":{"start":{"line":175,"column":4},"end":{"line":175,"column":51}},"94":{"start":{"line":175,"column":22},"end":{"line":175,"column":51}},"95":{"start":{"line":176,"column":4},"end":{"line":176,"column":45}},"96":{"start":{"line":176,"column":20},"end":{"line":176,"column":45}},"97":{"start":{"line":178,"column":4},"end":{"line":180,"column":32}}},"fnMap":{"0":{"name":"(anonymous_0)","decl":{"start":{"line":7,"column":34},"end":{"line":7,"column":35}},"loc":{"start":{"line":7,"column":59},"end":{"line":106,"column":1}},"line":7},"1":{"name":"(anonymous_1)","decl":{"start":{"line":109,"column":37},"end":{"line":109,"column":38}},"loc":{"start":{"line":109,"column":56},"end":{"line":156,"column":1}},"line":109},"2":{"name":"(anonymous_2)","decl":{"start":{"line":159,"column":37},"end":{"line":159,"column":38}},"loc":{"start":{"line":159,"column":56},"end":{"line":171,"column":1}},"line":159},"3":{"name":"(anonymous_3)","decl":{"start":{"line":173,"column":34},"end":{"line":173,"column":35}},"loc":{"start":{"line":173,"column":56},"end":{"line":181,"column":1}},"line":173}},"branchMap":{"0":{"loc":{"start":{"line":8,"column":4},"end":{"line":12,"column":5}},"type":"if","locations":[{"start":{"line":8,"column":4},"end":{"line":12,"column":5}},{"start":{},"end":{}}],"line":8},"1":{"loc":{"start":{"line":8,"column":8},"end":{"line":8,"column":36}},"type":"binary-expr","locations":[{"start":{"line":8,"column":8},"end":{"line":8,"column":14}},{"start":{"line":8,"column":18},"end":{"line":8,"column":36}}],"line":8},"2":{"loc":{"start":{"line":15,"column":20},"end":{"line":15,"column":90}},"type":"cond-expr","locations":[{"start":{"line":15,"column":54},"end":{"line":15,"column":58}},{"start":{"line":15,"column":61},"end":{"line":15,"column":90}}],"line":15},"3":{"loc":{"start":{"line":16,"column":4},"end":{"line":16,"column":43}},"type":"if","locations":[{"start":{"line":16,"column":4},"end":{"line":16,"column":43}},{"start":{},"end":{}}],"line":16},"4":{"loc":{"start":{"line":30,"column":12},"end":{"line":32,"column":13}},"type":"if","locations":[{"start":{"line":30,"column":12},"end":{"line":32,"column":13}},{"start":{},"end":{}}],"line":30},"5":{"loc":{"start":{"line":36,"column":12},"end":{"line":49,"column":13}},"type":"if","locations":[{"start":{"line":36,"column":12},"end":{"line":49,"column":13}},{"start":{"line":41,"column":19},"end":{"line":49,"column":13}}],"line":36},"6":{"loc":{"start":{"line":39,"column":36},"end":{"line":39,"column":57}},"type":"binary-expr","locations":[{"start":{"line":39,"column":36},"end":{"line":39,"column":52}},{"start":{"line":39,"column":56},"end":{"line":39,"column":57}}],"line":39},"7":{"loc":{"start":{"line":46,"column":40},"end":{"line":46,"column":61}},"type":"binary-expr","locations":[{"start":{"line":46,"column":40},"end":{"line":46,"column":56}},{"start":{"line":46,"column":60},"end":{"line":46,"column":61}}],"line":46},"8":{"loc":{"start":{"line":60,"column":23},"end":{"line":60,"column":39}},"type":"binary-expr","locations":[{"start":{"line":60,"column":23},"end":{"line":60,"column":33}},{"start":{"line":60,"column":37},"end":{"line":60,"column":39}}],"line":60},"9":{"loc":{"start":{"line":68,"column":12},"end":{"line":72,"column":13}},"type":"if","locations":[{"start":{"line":68,"column":12},"end":{"line":72,"column":13}},{"start":{},"end":{}}],"line":68},"10":{"loc":{"start":{"line":93,"column":8},"end":{"line":96,"column":9}},"type":"if","locations":[{"start":{"line":93,"column":8},"end":{"line":96,"column":9}},{"start":{},"end":{}}],"line":93},"11":{"loc":{"start":{"line":100,"column":8},"end":{"line":103,"column":9}},"type":"if","locations":[{"start":{"line":100,"column":8},"end":{"line":103,"column":9}},{"start":{},"end":{}}],"line":100},"12":{"loc":{"start":{"line":110,"column":20},"end":{"line":110,"column":90}},"type":"cond-expr","locations":[{"start":{"line":110,"column":54},"end":{"line":110,"column":58}},{"start":{"line":110,"column":61},"end":{"line":110,"column":90}}],"line":110},"13":{"loc":{"start":{"line":111,"column":4},"end":{"line":111,"column":43}},"type":"if","locations":[{"start":{"line":111,"column":4},"end":{"line":111,"column":43}},{"start":{},"end":{}}],"line":111},"14":{"loc":{"start":{"line":115,"column":8},"end":{"line":119,"column":9}},"type":"if","locations":[{"start":{"line":115,"column":8},"end":{"line":119,"column":9}},{"start":{},"end":{}}],"line":115},"15":{"loc":{"start":{"line":120,"column":8},"end":{"line":120,"column":122}},"type":"if","locations":[{"start":{"line":120,"column":8},"end":{"line":120,"column":122}},{"start":{},"end":{}}],"line":120},"16":{"loc":{"start":{"line":125,"column":12},"end":{"line":137,"column":13}},"type":"if","locations":[{"start":{"line":125,"column":12},"end":{"line":137,"column":13}},{"start":{"line":130,"column":19},"end":{"line":137,"column":13}}],"line":125},"17":{"loc":{"start":{"line":144,"column":8},"end":{"line":147,"column":9}},"type":"if","locations":[{"start":{"line":144,"column":8},"end":{"line":147,"column":9}},{"start":{},"end":{}}],"line":144},"18":{"loc":{"start":{"line":150,"column":8},"end":{"line":153,"column":9}},"type":"if","locations":[{"start":{"line":150,"column":8},"end":{"line":153,"column":9}},{"start":{},"end":{}}],"line":150},"19":{"loc":{"start":{"line":161,"column":4},"end":{"line":165,"column":5}},"type":"if","locations":[{"start":{"line":161,"column":4},"end":{"line":165,"column":5}},{"start":{},"end":{}}],"line":161},"20":{"loc":{"start":{"line":166,"column":4},"end":{"line":166,"column":101}},"type":"if","locations":[{"start":{"line":166,"column":4},"end":{"line":166,"column":101}},{"start":{},"end":{}}],"line":166},"21":{"loc":{"start":{"line":173,"column":41},"end":{"line":173,"column":51}},"type":"default-arg","locations":[{"start":{"line":173,"column":49},"end":{"line":173,"column":51}}],"line":173},"22":{"loc":{"start":{"line":175,"column":4},"end":{"line":175,"column":51}},"type":"if","locations":[{"start":{"line":175,"column":4},"end":{"line":175,"column":51}},{"start":{},"end":{}}],"line":175},"23":{"loc":{"start":{"line":176,"column":4},"end":{"line":176,"column":45}},"type":"if","locations":[{"start":{"line":176,"column":4},"end":{"line":176,"column":45}},{"start":{},"end":{}}],"line":176}},"s":{"0":4,"1":6,"2":1,"3":1,"4":1,"5":5,"6":5,"7":0,"8":5,"9":5,"10":5,"11":5,"12":5,"13":5,"14":5,"15":5,"16":0,"17":5,"18":5,"19":1,"20":1,"21":1,"22":1,"23":4,"24":4,"25":4,"26":4,"27":4,"28":4,"29":5,"30":5,"31":5,"32":5,"33":5,"34":5,"35":5,"36":1,"37":4,"38":4,"39":4,"40":4,"41":4,"42":0,"43":0,"44":4,"45":1,"46":0,"47":0,"48":1,"49":4,"50":4,"51":4,"52":0,"53":4,"54":4,"55":4,"56":1,"57":1,"58":1,"59":3,"60":0,"61":3,"62":3,"63":3,"64":1,"65":1,"66":2,"67":2,"68":2,"69":3,"70":3,"71":3,"72":3,"73":0,"74":0,"75":3,"76":1,"77":0,"78":0,"79":1,"80":4,"81":2,"82":2,"83":0,"84":0,"85":0,"86":2,"87":0,"88":2,"89":2,"90":2,"91":4,"92":0,"93":0,"94":0,"95":0,"96":0,"97":0},"f":{"0":6,"1":4,"2":2,"3":0},"b":{"0":[1,5],"1":[6,6],"2":[5,0],"3":[0,5],"4":[0,5],"5":[1,4],"6":[1,1],"7":[4,4],"8":[5,5],"9":[1,4],"10":[0,4],"11":[0,1],"12":[4,0],"13":[0,4],"14":[1,3],"15":[0,3],"16":[1,2],"17":[0,3],"18":[0,1],"19":[0,2],"20":[0,2],"21":[0],"22":[0,0],"23":[0,0]},"_coverageSchema":"1a1c01bbd47fc00a2c39e90264f33305004495a9","hash":"56a1655bf418fd8fd978972189ea25e3aa68772c"}
,"C:\\Users\\jl\\Downloads\\utn-2026\\999200921\\26\\gastroflow\\backend\\src\\utils\\errorHandler.js": {"path":"C:\\Users\\jl\\Downloads\\utn-2026\\999200921\\26\\gastroflow\\backend\\src\\utils\\errorHandler.js","statementMap":{"0":{"start":{"line":3,"column":27},"end":{"line":8,"column":1}},"1":{"start":{"line":4,"column":23},"end":{"line":4,"column":46}},"2":{"start":{"line":5,"column":20},"end":{"line":5,"column":60}},"3":{"start":{"line":7,"column":4},"end":{"line":7,"column":44}}},"fnMap":{"0":{"name":"(anonymous_0)","decl":{"start":{"line":3,"column":27},"end":{"line":3,"column":28}},"loc":{"start":{"line":3,"column":43},"end":{"line":8,"column":1}},"line":3}},"branchMap":{"0":{"loc":{"start":{"line":4,"column":23},"end":{"line":4,"column":46}},"type":"binary-expr","locations":[{"start":{"line":4,"column":23},"end":{"line":4,"column":39}},{"start":{"line":4,"column":43},"end":{"line":4,"column":46}}],"line":4},"1":{"loc":{"start":{"line":5,"column":20},"end":{"line":5,"column":60}},"type":"binary-expr","locations":[{"start":{"line":5,"column":20},"end":{"line":5,"column":33}},{"start":{"line":5,"column":37},"end":{"line":5,"column":60}}],"line":5}},"s":{"0":3,"1":5,"2":5,"3":5},"f":{"0":5},"b":{"0":[5,0],"1":[5,0]},"_coverageSchema":"1a1c01bbd47fc00a2c39e90264f33305004495a9","hash":"de7be0ae483338230ee2aafd60c1c11b89dab368"}
,"C:\\Users\\jl\\Downloads\\utn-2026\\999200921\\26\\gastroflow\\backend\\src\\utils\\validators.js": {"path":"C:\\Users\\jl\\Downloads\\utn-2026\\999200921\\26\\gastroflow\\backend\\src\\utils\\validators.js","statementMap":{"0":{"start":{"line":1,"column":30},"end":{"line":5,"column":1}},"1":{"start":{"line":3,"column":18},"end":{"line":3,"column":59}},"2":{"start":{"line":4,"column":4},"end":{"line":4,"column":31}}},"fnMap":{"0":{"name":"(anonymous_0)","decl":{"start":{"line":1,"column":30},"end":{"line":1,"column":31}},"loc":{"start":{"line":1,"column":44},"end":{"line":5,"column":1}},"line":1}},"branchMap":{},"s":{"0":5,"1":19,"2":19},"f":{"0":19},"b":{},"_coverageSchema":"1a1c01bbd47fc00a2c39e90264f33305004495a9","hash":"838ddea5a9529d14bdb6251a339626d18638baaf"}
,"C:\\Users\\jl\\Downloads\\utn-2026\\999200921\\26\\gastroflow\\backend\\src\\utils\\verifyToken.js": {"path":"C:\\Users\\jl\\Downloads\\utn-2026\\999200921\\26\\gastroflow\\backend\\src\\utils\\verifyToken.js","statementMap":{"0":{"start":{"line":4,"column":27},"end":{"line":6,"column":1}},"1":{"start":{"line":5,"column":4},"end":{"line":5,"column":36}}},"fnMap":{"0":{"name":"(anonymous_0)","decl":{"start":{"line":4,"column":27},"end":{"line":4,"column":28}},"loc":{"start":{"line":4,"column":38},"end":{"line":6,"column":1}},"line":4}},"branchMap":{},"s":{"0":3,"1":22},"f":{"0":22},"b":{},"_coverageSchema":"1a1c01bbd47fc00a2c39e90264f33305004495a9","hash":"6268a2a1f43ce762de3b89289986e1fbf646c9f3"}
}
