TN:
SF:index.js
FN:19,(anonymous_0)
FNF:1
FNH:0
FNDA:0,(anonymous_0)
DA:11,3
DA:13,3
DA:14,3
DA:15,3
DA:17,3
DA:18,0
DA:19,0
DA:20,0
DA:24,3
DA:25,3
DA:26,3
DA:27,3
DA:28,3
LF:13
LH:10
BRDA:17,0,0,0
BRDA:17,0,1,3
BRF:2
BRH:1
end_of_record
TN:
SF:src\config\config.js
FNF:0
FNH:0
DA:3,3
DA:5,3
DA:6,3
DA:7,3
LF:4
LH:4
BRDA:5,0,0,3
BRDA:5,0,1,0
BRF:2
BRH:1
end_of_record
TN:
SF:src\config\db.js
FN:4,(anonymous_0)
FNF:1
FNH:0
FNDA:0,(anonymous_0)
DA:4,3
DA:5,0
DA:6,0
DA:7,0
DA:9,0
DA:10,0
LF:6
LH:1
BRF:0
BRH:0
end_of_record
TN:
SF:src\controllers\dashboardController.js
FN:4,(anonymous_0)
FNF:1
FNH:1
FNDA:1,(anonymous_0)
DA:4,3
DA:5,1
DA:6,1
DA:7,1
DA:9,0
LF:5
LH:4
BRF:0
BRH:0
end_of_record
TN:
SF:src\controllers\insumoController.js
FN:4,(anonymous_0)
FN:13,(anonymous_1)
FN:22,(anonymous_2)
FN:31,(anonymous_3)
FN:40,(anonymous_4)
FNF:5
FNH:5
FNDA:1,(anonymous_0)
FNDA:1,(anonymous_1)
FNDA:1,(anonymous_2)
FNDA:1,(anonymous_3)
FNDA:1,(anonymous_4)
DA:4,3
DA:5,1
DA:6,1
DA:7,1
DA:9,0
DA:13,3
DA:14,1
DA:15,1
DA:16,1
DA:18,0
DA:22,3
DA:23,1
DA:24,1
DA:25,0
DA:27,1
DA:31,3
DA:32,1
DA:33,1
DA:34,1
DA:36,0
DA:40,3
DA:41,1
DA:42,1
DA:43,1
DA:45,0
LF:25
LH:20
BRF:0
BRH:0
end_of_record
TN:
SF:src\controllers\productoController.js
FN:4,(anonymous_0)
FN:13,(anonymous_1)
FN:22,(anonymous_2)
FN:31,(anonymous_3)
FN:40,(anonymous_4)
FNF:5
FNH:3
FNDA:1,(anonymous_0)
FNDA:0,(anonymous_1)
FNDA:2,(anonymous_2)
FNDA:0,(anonymous_3)
FNDA:1,(anonymous_4)
DA:4,3
DA:5,1
DA:6,1
DA:7,1
DA:9,0
DA:13,3
DA:14,0
DA:15,0
DA:16,0
DA:18,0
DA:22,3
DA:23,2
DA:24,2
DA:25,1
DA:27,1
DA:31,3
DA:32,0
DA:33,0
DA:34,0
DA:36,0
DA:40,3
DA:41,1
DA:42,1
DA:43,1
DA:45,0
LF:25
LH:15
BRF:0
BRH:0
end_of_record
TN:
SF:src\controllers\usuarioController.js
FN:14,(anonymous_0)
FN:25,(anonymous_1)
FN:35,(anonymous_2)
FN:53,(anonymous_3)
FN:63,(anonymous_4)
FN:73,(anonymous_5)
FN:90,(anonymous_6)
FNF:7
FNH:7
FNDA:6,(anonymous_0)
FNDA:1,(anonymous_1)
FNDA:12,(anonymous_2)
FNDA:1,(anonymous_3)
FNDA:1,(anonymous_4)
FNDA:1,(anonymous_5)
FNDA:1,(anonymous_6)
DA:14,3
DA:15,6
DA:16,6
DA:17,6
DA:18,6
DA:20,0
DA:25,3
DA:26,1
DA:27,1
DA:28,1
DA:30,0
DA:35,3
DA:36,12
DA:37,12
DA:39,12
DA:46,12
DA:48,0
DA:53,3
DA:54,1
DA:55,1
DA:56,1
DA:58,0
DA:63,3
DA:64,1
DA:65,1
DA:66,0
DA:68,1
DA:73,3
DA:74,1
DA:75,1
DA:78,1
DA:79,0
DA:82,1
DA:83,1
DA:85,0
DA:90,3
DA:91,1
DA:92,1
DA:93,1
DA:95,0
LF:40
LH:32
BRDA:78,0,0,0
BRDA:78,0,1,1
BRDA:78,1,0,1
BRDA:78,1,1,0
BRF:4
BRH:2
end_of_record
TN:
SF:src\controllers\ventaController.js
FN:9,(anonymous_0)
FN:25,(anonymous_1)
FN:39,(anonymous_2)
FN:52,(anonymous_3)
FNF:4
FNH:3
FNDA:2,(anonymous_0)
FNDA:2,(anonymous_1)
FNDA:1,(anonymous_2)
FNDA:0,(anonymous_3)
DA:9,3
DA:10,2
DA:11,2
DA:12,2
DA:14,2
DA:15,1
DA:20,1
DA:25,3
DA:26,2
DA:27,2
DA:28,2
DA:29,1
DA:34,1
DA:39,3
DA:40,1
DA:41,1
DA:42,1
DA:43,1
DA:48,0
DA:52,3
DA:53,0
DA:54,0
DA:55,0
DA:57,0
LF:24
LH:19
BRF:0
BRH:0
end_of_record
TN:
SF:src\helpers\checkExist.js
FN:8,(anonymous_0)
FNF:1
FNH:1
FNDA:32,(anonymous_0)
DA:8,5
DA:9,32
DA:12,32
DA:13,1
DA:14,1
DA:15,1
DA:19,31
DA:20,0
DA:21,0
DA:22,0
DA:25,31
LF:11
LH:8
BRDA:12,0,0,1
BRDA:12,0,1,31
BRDA:12,1,0,32
BRDA:12,1,1,20
BRDA:19,2,0,0
BRDA:19,2,1,31
BRDA:19,3,0,31
BRDA:19,3,1,12
BRF:8
BRH:7
end_of_record
TN:
SF:src\middlewares\verifyRoleMiddleware.js
FN:5,(anonymous_0)
FN:6,(anonymous_1)
FNF:2
FNH:2
FNDA:54,(anonymous_0)
FNDA:18,(anonymous_1)
DA:5,3
DA:6,54
DA:7,18
DA:9,18
DA:10,2
DA:15,16
LF:6
LH:6
BRDA:5,0,0,0
BRDA:9,1,0,2
BRDA:9,1,1,16
BRDA:9,2,0,18
BRDA:9,2,1,18
BRF:5
BRH:4
end_of_record
TN:
SF:src\middlewares\verifyTokenMiddleware.js
FN:6,(anonymous_0)
FN:27,(anonymous_1)
FNF:2
FNH:2
FNDA:22,(anonymous_0)
FNDA:12,(anonymous_1)
DA:6,3
DA:7,22
DA:8,22
DA:10,22
DA:11,0
DA:14,22
DA:15,22
DA:18,22
DA:20,22
DA:22,0
DA:27,3
DA:28,12
LF:12
LH:10
BRDA:10,0,0,0
BRDA:10,0,1,22
BRDA:10,1,0,22
BRDA:10,1,1,22
BRF:4
BRH:3
end_of_record
TN:
SF:src\models\insumoModel.js
FN:34,(anonymous_0)
FN:37,(anonymous_1)
FN:48,(anonymous_2)
FNF:3
FNH:2
FNDA:13,(anonymous_0)
FNDA:0,(anonymous_1)
FNDA:8,(anonymous_2)
DA:3,5
DA:5,5
DA:35,13
DA:37,0
DA:48,5
DA:49,8
DA:50,8
DA:53,5
LF:8
LH:7
BRF:0
BRH:0
end_of_record
TN:
SF:src\models\productoModel.js
FN:37,(anonymous_0)
FN:40,(anonymous_1)
FNF:2
FNH:1
FNDA:9,(anonymous_0)
FNDA:0,(anonymous_1)
DA:3,5
DA:8,5
DA:21,5
DA:38,9
DA:40,0
DA:58,5
LF:6
LH:5
BRF:0
BRH:0
end_of_record
TN:
SF:src\models\usuarioModel.js
FN:40,(anonymous_0)
FN:53,(anonymous_1)
FN:56,(anonymous_2)
FN:71,(anonymous_3)
FNF:4
FNH:3
FNDA:19,(anonymous_0)
FNDA:19,(anonymous_1)
FNDA:0,(anonymous_2)
FNDA:19,(anonymous_3)
DA:9,5
DA:11,5
DA:42,19
DA:43,19
DA:45,0
DA:54,19
DA:56,0
DA:71,5
DA:72,19
DA:73,19
DA:76,5
LF:11
LH:9
BRDA:42,0,0,19
BRDA:42,0,1,0
BRDA:72,1,0,0
BRDA:72,1,1,19
BRF:4
BRH:2
end_of_record
TN:
SF:src\models\ventaModel.js
FN:22,(anonymous_0)
FN:32,(anonymous_1)
FN:35,(anonymous_2)
FNF:3
FNH:2
FNDA:9,(anonymous_0)
FNDA:9,(anonymous_1)
FNDA:0,(anonymous_2)
DA:3,4
DA:6,4
DA:19,4
DA:22,9
DA:33,9
DA:35,0
DA:47,4
LF:7
LH:6
BRF:0
BRH:0
end_of_record
TN:
SF:src\routes\dashboardRoute.js
FNF:0
FNH:0
DA:7,3
DA:10,3
LF:2
LH:2
BRF:0
BRH:0
end_of_record
TN:
SF:src\routes\insumoRoute.js
FNF:0
FNH:0
DA:7,3
DA:10,3
DA:11,3
DA:14,3
DA:15,3
DA:18,3
DA:19,3
LF:7
LH:7
BRF:0
BRH:0
end_of_record
TN:
SF:src\routes\productoRoute.js
FNF:0
FNH:0
DA:7,3
DA:10,3
DA:11,3
DA:14,3
DA:15,3
DA:16,3
DA:17,3
LF:7
LH:7
BRF:0
BRH:0
end_of_record
TN:
SF:src\routes\usuarioRoute.js
FNF:0
FNH:0
DA:15,3
DA:18,3
DA:19,3
DA:23,3
DA:31,3
DA:39,3
DA:42,3
DA:43,3
DA:46,3
LF:9
LH:9
BRF:0
BRH:0
end_of_record
TN:
SF:src\routes\ventaRoute.js
FNF:0
FNH:0
DA:12,3
DA:15,3
DA:22,3
DA:29,3
DA:36,3
LF:5
LH:5
BRF:0
BRH:0
end_of_record
TN:
SF:src\services\dashboardService.js
FN:4,(anonymous_0)
FN:26,(anonymous_1)
FN:28,(anonymous_2)
FN:35,(anonymous_3)
FN:36,(anonymous_4)
FNF:5
FNH:1
FNDA:1,(anonymous_0)
FNDA:0,(anonymous_1)
FNDA:0,(anonymous_2)
FNDA:0,(anonymous_3)
FNDA:0,(anonymous_4)
DA:4,3
DA:6,1
DA:19,1
DA:20,1
DA:22,1
DA:24,1
DA:25,1
DA:26,1
DA:27,0
DA:28,0
DA:33,1
DA:35,1
DA:36,0
DA:45,1
DA:52,1
LF:15
LH:12
BRDA:42,0,0,0
BRDA:42,0,1,0
BRDA:45,1,0,1
BRDA:45,1,1,1
BRF:4
BRH:2
end_of_record
TN:
SF:src\services\insumoService.js
FN:4,(anonymous_0)
FN:12,(anonymous_1)
FN:28,(anonymous_2)
FN:32,(anonymous_3)
FN:42,(anonymous_4)
FNF:5
FNH:5
FNDA:1,(anonymous_0)
FNDA:1,(anonymous_1)
FNDA:1,(anonymous_2)
FNDA:1,(anonymous_3)
FNDA:1,(anonymous_4)
DA:4,3
DA:5,1
DA:6,1
DA:8,1
DA:9,1
DA:12,3
DA:13,1
DA:16,1
DA:17,0
DA:21,1
DA:22,0
DA:25,1
DA:28,3
DA:29,1
DA:32,3
DA:33,1
DA:35,1
DA:42,3
DA:43,1
DA:45,1
DA:46,1
LF:21
LH:19
BRDA:16,0,0,0
BRDA:16,0,1,1
BRDA:21,1,0,0
BRDA:21,1,1,1
BRF:4
BRH:2
end_of_record
TN:
SF:src\services\productoService.js
FN:8,(anonymous_0)
FN:38,(anonymous_1)
FN:52,(anonymous_2)
FN:55,(anonymous_3)
FN:69,(anonymous_4)
FN:77,(anonymous_5)
FN:87,(anonymous_6)
FNF:7
FNH:4
FNDA:4,(anonymous_0)
FNDA:0,(anonymous_1)
FNDA:0,(anonymous_2)
FNDA:5,(anonymous_3)
FNDA:1,(anonymous_4)
FNDA:0,(anonymous_5)
FNDA:1,(anonymous_6)
DA:8,4
DA:9,4
DA:10,4
DA:12,4
DA:13,0
DA:15,0
DA:16,0
DA:18,0
DA:20,4
DA:21,4
DA:23,4
DA:24,4
DA:25,1
DA:27,4
DA:31,4
DA:38,4
DA:39,0
DA:41,0
DA:42,0
DA:44,0
DA:45,0
DA:48,0
DA:52,0
DA:55,4
DA:56,5
DA:60,5
DA:61,1
DA:62,1
DA:63,1
DA:66,4
DA:69,4
DA:70,1
DA:71,1
DA:73,1
DA:74,1
DA:77,4
DA:78,0
DA:80,0
DA:87,4
DA:88,1
DA:90,1
DA:95,1
LF:42
LH:29
BRDA:12,0,0,0
BRDA:12,0,1,4
BRDA:15,1,0,0
BRDA:15,1,1,0
BRDA:15,2,0,0
BRDA:15,2,1,0
BRDA:18,3,0,0
BRDA:18,3,1,0
BRDA:23,4,0,4
BRDA:23,4,1,0
BRDA:24,5,0,1
BRDA:24,5,1,3
BRDA:24,6,0,4
BRDA:24,6,1,4
BRDA:27,7,0,4
BRDA:27,7,1,0
BRDA:41,8,0,0
BRDA:41,8,1,0
BRDA:44,9,0,0
BRDA:44,9,1,0
BRDA:60,10,0,1
BRDA:60,10,1,4
BRF:22
BRH:9
end_of_record
TN:
SF:src\services\usuarioService.js
FN:5,(anonymous_0)
FN:13,(anonymous_1)
FN:28,(anonymous_2)
FN:32,(anonymous_3)
FN:42,(anonymous_4)
FN:55,(anonymous_5)
FNF:6
FNH:6
FNDA:10,(anonymous_0)
FNDA:14,(anonymous_1)
FNDA:1,(anonymous_2)
FNDA:1,(anonymous_3)
FNDA:1,(anonymous_4)
FNDA:1,(anonymous_5)
DA:5,4
DA:6,10
DA:7,10
DA:9,10
DA:10,10
DA:13,4
DA:15,14
DA:18,14
DA:19,14
DA:20,1
DA:21,1
DA:22,1
DA:25,13
DA:28,4
DA:29,1
DA:32,4
DA:33,1
DA:34,1
DA:35,1
DA:36,1
DA:37,1
DA:39,0
DA:42,4
DA:43,1
DA:46,1
DA:48,1
DA:55,4
DA:56,1
DA:59,1
DA:60,1
LF:30
LH:29
BRDA:19,0,0,1
BRDA:19,0,1,13
BRDA:34,1,0,1
BRDA:34,1,1,0
BRF:4
BRH:3
end_of_record
TN:
SF:src\services\ventaService.js
FN:7,(anonymous_0)
FN:109,(anonymous_1)
FN:159,(anonymous_2)
FN:173,(anonymous_3)
FNF:4
FNH:3
FNDA:6,(anonymous_0)
FNDA:4,(anonymous_1)
FNDA:2,(anonymous_2)
FNDA:0,(anonymous_3)
DA:7,4
DA:8,6
DA:9,1
DA:10,1
DA:11,1
DA:15,5
DA:16,5
DA:18,5
DA:19,5
DA:20,5
DA:21,5
DA:22,5
DA:24,5
DA:25,5
DA:30,5
DA:31,0
DA:34,5
DA:36,5
DA:37,1
DA:38,1
DA:39,1
DA:40,1
DA:42,4
DA:43,4
DA:44,4
DA:45,4
DA:46,4
DA:47,4
DA:51,5
DA:52,5
DA:54,5
DA:64,5
DA:65,5
DA:66,5
DA:68,5
DA:69,1
DA:75,4
DA:76,4
DA:83,4
DA:91,4
DA:93,4
DA:94,0
DA:95,0
DA:97,4
DA:100,1
DA:101,0
DA:102,0
DA:104,1
DA:109,4
DA:110,4
DA:111,4
DA:113,4
DA:114,4
DA:115,4
DA:116,1
DA:117,1
DA:118,1
DA:120,3
DA:122,3
DA:123,3
DA:125,3
DA:126,1
DA:127,1
DA:131,2
DA:132,2
DA:133,2
DA:140,3
DA:141,3
DA:142,3
DA:144,3
DA:145,0
DA:146,0
DA:148,3
DA:150,1
DA:151,0
DA:152,0
DA:154,1
DA:159,4
DA:160,2
DA:161,2
DA:162,0
DA:163,0
DA:164,0
DA:166,2
DA:168,2
DA:169,2
DA:170,2
DA:173,4
DA:174,0
DA:175,0
DA:176,0
DA:178,0
LF:92
LH:76
BRDA:8,0,0,1
BRDA:8,0,1,5
BRDA:8,1,0,6
BRDA:8,1,1,6
BRDA:15,2,0,5
BRDA:15,2,1,0
BRDA:16,3,0,0
BRDA:16,3,1,5
BRDA:30,4,0,0
BRDA:30,4,1,5
BRDA:36,5,0,1
BRDA:36,5,1,4
BRDA:39,6,0,1
BRDA:39,6,1,1
BRDA:46,7,0,4
BRDA:46,7,1,4
BRDA:60,8,0,5
BRDA:60,8,1,5
BRDA:68,9,0,1
BRDA:68,9,1,4
BRDA:93,10,0,0
BRDA:93,10,1,4
BRDA:100,11,0,0
BRDA:100,11,1,1
BRDA:110,12,0,4
BRDA:110,12,1,0
BRDA:111,13,0,0
BRDA:111,13,1,4
BRDA:115,14,0,1
BRDA:115,14,1,3
BRDA:120,15,0,0
BRDA:120,15,1,3
BRDA:125,16,0,1
BRDA:125,16,1,2
BRDA:144,17,0,0
BRDA:144,17,1,3
BRDA:150,18,0,0
BRDA:150,18,1,1
BRDA:161,19,0,0
BRDA:161,19,1,2
BRDA:166,20,0,0
BRDA:166,20,1,2
BRDA:173,21,0,0
BRDA:175,22,0,0
BRDA:175,22,1,0
BRDA:176,23,0,0
BRDA:176,23,1,0
BRF:47
BRH:30
end_of_record
TN:
SF:src\utils\errorHandler.js
FN:3,(anonymous_0)
FNF:1
FNH:1
FNDA:5,(anonymous_0)
DA:3,3
DA:4,5
DA:5,5
DA:7,5
LF:4
LH:4
BRDA:4,0,0,5
BRDA:4,0,1,0
BRDA:5,1,0,5
BRDA:5,1,1,0
BRF:4
BRH:2
end_of_record
TN:
SF:src\utils\validators.js
FN:1,(anonymous_0)
FNF:1
FNH:1
FNDA:19,(anonymous_0)
DA:1,5
DA:3,19
DA:4,19
LF:3
LH:3
BRF:0
BRH:0
end_of_record
TN:
SF:src\utils\verifyToken.js
FN:4,(anonymous_0)
FNF:1
FNH:1
FNDA:22,(anonymous_0)
DA:4,3
DA:5,22
LF:2
LH:2
BRF:0
BRH:0
end_of_record
