{"C:\\Users\\jl\\Downloads\\utn-2026\\999200921\\12\\src\\config\\config.js": {"path":"C:\\Users\\jl\\Downloads\\utn-2026\\999200921\\12\\src\\config\\config.js","statementMap":{"0":{"start":{"line":3,"column":0},"end":{"line":3,"column":15}},"1":{"start":{"line":5,"column":20},"end":{"line":5,"column":44}},"2":{"start":{"line":6,"column":27},"end":{"line":6,"column":50}},"3":{"start":{"line":7,"column":20},"end":{"line":7,"column":38}},"4":{"start":{"line":8,"column":22},"end":{"line":8,"column":41}},"5":{"start":{"line":9,"column":26},"end":{"line":9,"column":49}},"6":{"start":{"line":10,"column":25},"end":{"line":10,"column":47}},"7":{"start":{"line":11,"column":29},"end":{"line":11,"column":55}},"8":{"start":{"line":12,"column":34},"end":{"line":12,"column":65}},"9":{"start":{"line":13,"column":21},"end":{"line":13,"column":39}}},"fnMap":{},"branchMap":{"0":{"loc":{"start":{"line":5,"column":20},"end":{"line":5,"column":44}},"type":"binary-expr","locations":[{"start":{"line":5,"column":20},"end":{"line":5,"column":36}},{"start":{"line":5,"column":40},"end":{"line":5,"column":44}}],"line":5}},"s":{"0":1,"1":1,"2":1,"3":1,"4":1,"5":1,"6":1,"7":1,"8":1,"9":1},"f":{},"b":{"0":[1,0]},"_coverageSchema":"1a1c01bbd47fc00a2c39e90264f33305004495a9","hash":"2c5f4c14c6a01f3617a49accadd4a110ecd19ae9"}
,"C:\\Users\\jl\\Downloads\\utn-2026\\999200921\\12\\src\\models\\userModel.js": {"path":"C:\\Users\\jl\\Downloads\\utn-2026\\999200921\\12\\src\\models\\userModel.js","statementMap":{"0":{"start":{"line":5,"column":24},"end":{"line":5,"column":55}},"1":{"start":{"line":7,"column":19},"end":{"line":58,"column":24}},"2":{"start":{"line":40,"column":16},"end":{"line":40,"column":44}},"3":{"start":{"line":51,"column":16},"end":{"line":51,"column":47}},"4":{"start":{"line":54,"column":30},"end":{"line":54,"column":67}},"5":{"start":{"line":62,"column":0},"end":{"line":70,"column":3}},"6":{"start":{"line":64,"column":4},"end":{"line":66,"column":5}},"7":{"start":{"line":65,"column":8},"end":{"line":65,"column":15}},"8":{"start":{"line":69,"column":4},"end":{"line":69,"column":55}}},"fnMap":{"0":{"name":"(anonymous_0)","decl":{"start":{"line":39,"column":23},"end":{"line":39,"column":24}},"loc":{"start":{"line":39,"column":40},"end":{"line":41,"column":13}},"line":39},"1":{"name":"(anonymous_1)","decl":{"start":{"line":49,"column":23},"end":{"line":49,"column":24}},"loc":{"start":{"line":49,"column":40},"end":{"line":52,"column":13}},"line":49},"2":{"name":"(anonymous_2)","decl":{"start":{"line":54,"column":21},"end":{"line":54,"column":22}},"loc":{"start":{"line":54,"column":30},"end":{"line":54,"column":67}},"line":54},"3":{"name":"(anonymous_3)","decl":{"start":{"line":62,"column":23},"end":{"line":62,"column":24}},"loc":{"start":{"line":62,"column":41},"end":{"line":70,"column":1}},"line":62}},"branchMap":{"0":{"loc":{"start":{"line":64,"column":4},"end":{"line":66,"column":5}},"type":"if","locations":[{"start":{"line":64,"column":4},"end":{"line":66,"column":5}},{"start":{},"end":{}}],"line":64}},"s":{"0":1,"1":1,"2":0,"3":0,"4":0,"5":1,"6":0,"7":0,"8":0},"f":{"0":0,"1":0,"2":0,"3":0},"b":{"0":[0,0]},"_coverageSchema":"1a1c01bbd47fc00a2c39e90264f33305004495a9","hash":"da5f7598d1a4c9f6187786849e2b7f0dc55b3e8a"}
,"C:\\Users\\jl\\Downloads\\utn-2026\\999200921\\12\\src\\services\\userService.js": {"path":"C:\\Users\\jl\\Downloads\\utn-2026\\999200921\\12\\src\\services\\userService.js","statementMap":{"0":{"start":{"line":7,"column":33},"end":{"line":16,"column":1}},"1":{"start":{"line":8,"column":20},"end":{"line":8,"column":28}},"2":{"start":{"line":9,"column":4},"end":{"line":9,"column":27}},"3":{"start":{"line":10,"column":21},"end":{"line":10,"column":111}},"4":{"start":{"line":11,"column":4},"end":{"line":11,"column":27}},"5":{"start":{"line":12,"column":20},"end":{"line":12,"column":38}},"6":{"start":{"line":13,"column":22},"end":{"line":13,"column":42}},"7":{"start":{"line":14,"column":4},"end":{"line":14,"column":20}},"8":{"start":{"line":18,"column":30},"end":{"line":22,"column":1}},"9":{"start":{"line":20,"column":18},"end":{"line":20,"column":55}},"10":{"start":{"line":21,"column":4},"end":{"line":21,"column":16}},"11":{"start":{"line":24,"column":33},"end":{"line":39,"column":1}},"12":{"start":{"line":25,"column":4},"end":{"line":25,"column":71}},"13":{"start":{"line":28,"column":4},"end":{"line":30,"column":5}},"14":{"start":{"line":29,"column":8},"end":{"line":29,"column":66}},"15":{"start":{"line":32,"column":24},"end":{"line":36,"column":5}},"16":{"start":{"line":38,"column":4},"end":{"line":38,"column":22}},"17":{"start":{"line":41,"column":33},"end":{"line":47,"column":1}},"18":{"start":{"line":42,"column":4},"end":{"line":42,"column":71}},"19":{"start":{"line":44,"column":24},"end":{"line":44,"column":56}},"20":{"start":{"line":46,"column":4},"end":{"line":46,"column":70}},"21":{"start":{"line":49,"column":35},"end":{"line":87,"column":1}},"22":{"start":{"line":50,"column":30},"end":{"line":50,"column":38}},"23":{"start":{"line":52,"column":4},"end":{"line":56,"column":5}},"24":{"start":{"line":53,"column":22},"end":{"line":53,"column":58}},"25":{"start":{"line":54,"column":8},"end":{"line":54,"column":30}},"26":{"start":{"line":55,"column":8},"end":{"line":55,"column":19}},"27":{"start":{"line":58,"column":22},"end":{"line":58,"column":102}},"28":{"start":{"line":61,"column":4},"end":{"line":65,"column":5}},"29":{"start":{"line":62,"column":22},"end":{"line":62,"column":64}},"30":{"start":{"line":63,"column":8},"end":{"line":63,"column":30}},"31":{"start":{"line":64,"column":8},"end":{"line":64,"column":19}},"32":{"start":{"line":72,"column":20},"end":{"line":76,"column":5}},"33":{"start":{"line":81,"column":18},"end":{"line":81,"column":62}},"34":{"start":{"line":85,"column":4},"end":{"line":85,"column":40}}},"fnMap":{"0":{"name":"(anonymous_0)","decl":{"start":{"line":7,"column":33},"end":{"line":7,"column":34}},"loc":{"start":{"line":7,"column":53},"end":{"line":16,"column":1}},"line":7},"1":{"name":"(anonymous_1)","decl":{"start":{"line":18,"column":30},"end":{"line":18,"column":31}},"loc":{"start":{"line":18,"column":42},"end":{"line":22,"column":1}},"line":18},"2":{"name":"(anonymous_2)","decl":{"start":{"line":24,"column":33},"end":{"line":24,"column":34}},"loc":{"start":{"line":24,"column":57},"end":{"line":39,"column":1}},"line":24},"3":{"name":"(anonymous_3)","decl":{"start":{"line":41,"column":33},"end":{"line":41,"column":34}},"loc":{"start":{"line":41,"column":47},"end":{"line":47,"column":1}},"line":41},"4":{"name":"(anonymous_4)","decl":{"start":{"line":49,"column":35},"end":{"line":49,"column":36}},"loc":{"start":{"line":49,"column":55},"end":{"line":87,"column":1}},"line":49}},"branchMap":{"0":{"loc":{"start":{"line":28,"column":4},"end":{"line":30,"column":5}},"type":"if","locations":[{"start":{"line":28,"column":4},"end":{"line":30,"column":5}},{"start":{},"end":{}}],"line":28},"1":{"loc":{"start":{"line":52,"column":4},"end":{"line":56,"column":5}},"type":"if","locations":[{"start":{"line":52,"column":4},"end":{"line":56,"column":5}},{"start":{},"end":{}}],"line":52},"2":{"loc":{"start":{"line":52,"column":9},"end":{"line":52,"column":26}},"type":"binary-expr","locations":[{"start":{"line":52,"column":9},"end":{"line":52,"column":17}},{"start":{"line":52,"column":21},"end":{"line":52,"column":26}}],"line":52},"3":{"loc":{"start":{"line":61,"column":4},"end":{"line":65,"column":5}},"type":"if","locations":[{"start":{"line":61,"column":4},"end":{"line":65,"column":5}},{"start":{},"end":{}}],"line":61}},"s":{"0":1,"1":0,"2":0,"3":0,"4":0,"5":0,"6":0,"7":0,"8":1,"9":0,"10":0,"11":1,"12":0,"13":0,"14":0,"15":0,"16":0,"17":1,"18":0,"19":0,"20":0,"21":1,"22":2,"23":2,"24":1,"25":1,"26":1,"27":1,"28":1,"29":0,"30":0,"31":0,"32":1,"33":1,"34":1},"f":{"0":0,"1":0,"2":0,"3":0,"4":2},"b":{"0":[0,0],"1":[1,1],"2":[2,1],"3":[0,1]},"_coverageSchema":"1a1c01bbd47fc00a2c39e90264f33305004495a9","hash":"7a7aac8b71993eb38715428095a210809e7b4229"}
,"C:\\Users\\jl\\Downloads\\utn-2026\\999200921\\12\\src\\utils\\validators.js": {"path":"C:\\Users\\jl\\Downloads\\utn-2026\\999200921\\12\\src\\utils\\validators.js","statementMap":{"0":{"start":{"line":4,"column":30},"end":{"line":8,"column":1}},"1":{"start":{"line":5,"column":18},"end":{"line":5,"column":57}},"2":{"start":{"line":7,"column":4},"end":{"line":7,"column":28}}},"fnMap":{"0":{"name":"(anonymous_0)","decl":{"start":{"line":4,"column":30},"end":{"line":4,"column":31}},"loc":{"start":{"line":4,"column":41},"end":{"line":8,"column":1}},"line":4}},"branchMap":{},"s":{"0":1,"1":0,"2":0},"f":{"0":0},"b":{},"_coverageSchema":"1a1c01bbd47fc00a2c39e90264f33305004495a9","hash":"264c2453dc89e1f694bb9240793d29afa2914770"}
}
