TN:
SF:src\config\config.js
FNF:0
FNH:0
DA:3,1
DA:5,1
DA:6,1
DA:7,1
DA:8,1
DA:9,1
DA:10,1
DA:11,1
DA:12,1
DA:13,1
LF:10
LH:10
BRDA:5,0,0,1
BRDA:5,0,1,0
BRF:2
BRH:1
end_of_record
TN:
SF:src\models\userModel.js
FN:39,(anonymous_0)
FN:49,(anonymous_1)
FN:54,(anonymous_2)
FN:62,(anonymous_3)
FNF:4
FNH:0
FNDA:0,(anonymous_0)
FNDA:0,(anonymous_1)
FNDA:0,(anonymous_2)
FNDA:0,(anonymous_3)
DA:5,1
DA:7,1
DA:40,0
DA:51,0
DA:54,0
DA:62,1
DA:64,0
DA:65,0
DA:69,0
LF:9
LH:3
BRDA:64,0,0,0
BRDA:64,0,1,0
BRF:2
BRH:0
end_of_record
TN:
SF:src\services\userService.js
FN:7,(anonymous_0)
FN:18,(anonymous_1)
FN:24,(anonymous_2)
FN:41,(anonymous_3)
FN:49,(anonymous_4)
FNF:5
FNH:1
FNDA:0,(anonymous_0)
FNDA:0,(anonymous_1)
FNDA:0,(anonymous_2)
FNDA:0,(anonymous_3)
FNDA:2,(anonymous_4)
DA:7,1
DA:8,0
DA:9,0
DA:10,0
DA:11,0
DA:12,0
DA:13,0
DA:14,0
DA:18,1
DA:20,0
DA:21,0
DA:24,1
DA:25,0
DA:28,0
DA:29,0
DA:32,0
DA:38,0
DA:41,1
DA:42,0
DA:44,0
DA:46,0
DA:49,1
DA:50,2
DA:52,2
DA:53,1
DA:54,1
DA:55,1
DA:58,1
DA:61,1
DA:62,0
DA:63,0
DA:64,0
DA:72,1
DA:81,1
DA:85,1
LF:35
LH:15
BRDA:28,0,0,0
BRDA:28,0,1,0
BRDA:52,1,0,1
BRDA:52,1,1,1
BRDA:52,2,0,2
BRDA:52,2,1,1
BRDA:61,3,0,0
BRDA:61,3,1,1
BRF:8
BRH:5
end_of_record
TN:
SF:src\utils\validators.js
FN:4,(anonymous_0)
FNF:1
FNH:0
FNDA:0,(anonymous_0)
DA:4,1
DA:5,0
DA:7,0
LF:3
LH:1
BRF:0
BRH:0
end_of_record
